14:53:27 **** Build of configuration release for project sality ****
make MODE=release all 
cd src && make
make[1]: Entering directory '/opt/omnetpp-5.4.1/thesis/sality/src'
entities/Botmaster.cc
entities/Superpeer.cc
entities/Superpeer.cc: In member function ‘void sality::Superpeer::handleURLPackMessage(sality::Url_pack*)’:
entities/Superpeer.cc:36:17: warning: ignoring return value of ‘int asprintf(char**, const char*, ...)’, declared with attribute warn_unused_result [-Wunused-result]
         asprintf(&outputGate, "%s$o", msg->getArrivalGate()->getBaseName());
         ~~~~~~~~^~~~~~~~~~~~~~~~~~~~~~~~~~~~~~~~~~~~~~~~~~~~~~~~~~~~~~~~~~~
messages/url_pack_m.cc
Creating executable: ../out/gcc-release/src/sality
make[1]: Leaving directory '/opt/omnetpp-5.4.1/thesis/sality/src'
14:54:55 **** Incremental Build of configuration release for project sality ****
make MODE=release all 
cd src && make
make[1]: Entering directory '/opt/omnetpp-5.4.1/thesis/sality/src'
make[1]: Nothing to be done for 'all'.
make[1]: Leaving directory '/opt/omnetpp-5.4.1/thesis/sality/src'
14:57:05 **** Incremental Build of configuration release for project sality ****
make MODE=release all 
cd src && make
make[1]: Entering directory '/opt/omnetpp-5.4.1/thesis/sality/src'
make[1]: Nothing to be done for 'all'.
make[1]: Leaving directory '/opt/omnetpp-5.4.1/thesis/sality/src'
15:14:14 **** Incremental Build of configuration release for project sality ****
make MODE=release all 
cd src && make
make[1]: Entering directory '/opt/omnetpp-5.4.1/thesis/sality/src'
make[1]: Nothing to be done for 'all'.
make[1]: Leaving directory '/opt/omnetpp-5.4.1/thesis/sality/src'
15:18:45 **** Incremental Build of configuration release for project sality ****
make MODE=release all 
cd src && make
make[1]: Entering directory '/opt/omnetpp-5.4.1/thesis/sality/src'
MSGC: messages/url_pack.msg
entities/Botmaster.cc
entities/Superpeer.cc
entities/Superpeer.cc: In member function ‘void Superpeer::handleURLPackMessage(Url_pack*)’:
entities/Superpeer.cc:36:17: warning: ignoring return value of ‘int asprintf(char**, const char*, ...)’, declared with attribute warn_unused_result [-Wunused-result]
         asprintf(&outputGate, "%s$o", msg->getArrivalGate()->getBaseName());
         ~~~~~~~~^~~~~~~~~~~~~~~~~~~~~~~~~~~~~~~~~~~~~~~~~~~~~~~~~~~~~~~~~~~
messages/url_pack_m.cc
Creating executable: ../out/gcc-release/src/sality
make[1]: Leaving directory '/opt/omnetpp-5.4.1/thesis/sality/src'
15:20:17 **** Incremental Build of configuration release for project sality ****
make MODE=release all 
cd src && make
make[1]: Entering directory '/opt/omnetpp-5.4.1/thesis/sality/src'
entities/Botmaster.cc
entities/Superpeer.cc
entities/Superpeer.cc: In member function ‘void Superpeer::handleURLPackMessage(Url_pack*)’:
entities/Superpeer.cc:36:17: warning: ignoring return value of ‘int asprintf(char**, const char*, ...)’, declared with attribute warn_unused_result [-Wunused-result]
         asprintf(&outputGate, "%s$o", msg->getArrivalGate()->getBaseName());
         ~~~~~~~~^~~~~~~~~~~~~~~~~~~~~~~~~~~~~~~~~~~~~~~~~~~~~~~~~~~~~~~~~~~
Creating executable: ../out/gcc-release/src/sality
make[1]: Leaving directory '/opt/omnetpp-5.4.1/thesis/sality/src'
15:21:39 **** Incremental Build of configuration release for project sality ****
make MODE=release all 
cd src && make
make[1]: Entering directory '/opt/omnetpp-5.4.1/thesis/sality/src'
MSGC: messages/url_pack.msg
entities/Botmaster.cc
entities/Superpeer.cc
entities/Superpeer.cc: In member function ‘void Superpeer::handleURLPackMessage(Url_pack*)’:
entities/Superpeer.cc:35:17: warning: ignoring return value of ‘int asprintf(char**, const char*, ...)’, declared with attribute warn_unused_result [-Wunused-result]
         asprintf(&outputGate, "%s$o", msg->getArrivalGate()->getBaseName());
         ~~~~~~~~^~~~~~~~~~~~~~~~~~~~~~~~~~~~~~~~~~~~~~~~~~~~~~~~~~~~~~~~~~~
messages/url_pack_m.cc
Creating executable: ../out/gcc-release/src/sality
make[1]: Leaving directory '/opt/omnetpp-5.4.1/thesis/sality/src'
20:11:05 **** Incremental Build of configuration release for project sality ****
make MODE=release all 
cd src && make
make[1]: Entering directory '/opt/omnetpp-5.4.1/thesis/sality/src'
make[1]: Nothing to be done for 'all'.
make[1]: Leaving directory '/opt/omnetpp-5.4.1/thesis/sality/src'
20:31:59 **** Incremental Build of configuration release for project sality ****
make MODE=release all 
cd src && make
make[1]: Entering directory '/opt/omnetpp-5.4.1/thesis/sality/src'
entities/Superpeer.cc
entities/Superpeer.cc: In member function ‘void Superpeer::handleURLPackMessage(Url_pack*)’:
entities/Superpeer.cc:34:17: warning: ignoring return value of ‘int asprintf(char**, const char*, ...)’, declared with attribute warn_unused_result [-Wunused-result]
         asprintf(&outputGate, "%s$o", msg->getArrivalGate()->getBaseName());
         ~~~~~~~~^~~~~~~~~~~~~~~~~~~~~~~~~~~~~~~~~~~~~~~~~~~~~~~~~~~~~~~~~~~
entities/crawlers/BaseCrawler.cc
In file included from entities/crawlers/BaseCrawler.cc:1:0:
entities/crawlers/BaseCrawler.h:5:10: fatal error: ../messages/url_pack_m.h: No such file or directory
 #include "../messages/url_pack_m.h"
          ^~~~~~~~~~~~~~~~~~~~~~~~~~
compilation terminated.
make[1]: *** [../out/gcc-release/src/entities/crawlers/BaseCrawler.o] Error 1
Makefile:103: recipe for target '../out/gcc-release/src/entities/crawlers/BaseCrawler.o' failed
make: *** [all] Error 2
make[1]: Leaving directory '/opt/omnetpp-5.4.1/thesis/sality/src'
Makefile:2: recipe for target 'all' failed
20:32:23 **** Incremental Build of configuration release for project sality ****
make MODE=release all 
cd src && make
make[1]: Entering directory '/opt/omnetpp-5.4.1/thesis/sality/src'
entities/crawlers/BaseCrawler.cc
Creating executable: ../out/gcc-release/src/sality
../out/gcc-release/src/entities/crawlers/BaseCrawler.o: In function `(anonymous namespace)::__onstartup_func_3()':
BaseCrawler.cc:(.text+0x19): undefined reference to `typeinfo for BaseCrawler'
Makefile:94: recipe for target '../out/gcc-release/src/sality' failed
../out/gcc-release/src/entities/crawlers/BaseCrawler.o: In function `__castfunc_3(omnetpp::cObject*)':
BaseCrawler.cc:(.text+0x98): undefined reference to `typeinfo for BaseCrawler'
../out/gcc-release/src/entities/crawlers/BaseCrawler.o: In function `__factoryfunc_3()':
BaseCrawler.cc:(.text+0xe0): undefined reference to `vtable for BaseCrawler'
make[1]: Leaving directory '/opt/omnetpp-5.4.1/thesis/sality/src'
collect2: error: ld returned 1 exit status
Makefile:2: recipe for target 'all' failed
make[1]: *** [../out/gcc-release/src/sality] Error 1
make: *** [all] Error 2
20:39:43 **** Incremental Build of configuration release for project sality ****
make MODE=release all 
cd src && make
make[1]: Entering directory '/opt/omnetpp-5.4.1/thesis/sality/src'
entities/crawlers/BaseCrawler.cc
entities/crawlers/BaseCrawler.cc:5:6: error: ‘Superpeer’ has not been declared
 void Superpeer::initialize()
      ^~~~~~~~~
entities/crawlers/BaseCrawler.cc:9:6: error: ‘Superpeer’ has not been declared
 void Superpeer::handleMessage(cMessage *msg)
      ^~~~~~~~~
Makefile:103: recipe for target '../out/gcc-release/src/entities/crawlers/BaseCrawler.o' failed
make[1]: *** [../out/gcc-release/src/entities/crawlers/BaseCrawler.o] Error 1
make[1]: Leaving directory '/opt/omnetpp-5.4.1/thesis/sality/src'
make: *** [all] Error 2
Makefile:2: recipe for target 'all' failed
20:40:14 **** Incremental Build of configuration release for project sality ****
make MODE=release all 
cd src && make
make[1]: Entering directory '/opt/omnetpp-5.4.1/thesis/sality/src'
entities/crawlers/BaseCrawler.cc
Creating executable: ../out/gcc-release/src/sality
make[1]: Leaving directory '/opt/omnetpp-5.4.1/thesis/sality/src'
20:54:51 **** Incremental Build of configuration release for project sality ****
make MODE=release all 
cd src && make
make[1]: Entering directory '/opt/omnetpp-5.4.1/thesis/sality/src'
entities/Superpeer.cc
entities/Superpeer.cc: In member function ‘void Superpeer::handleURLPackMessage(Url_pack*)’:
entities/Superpeer.cc:33:17: warning: ignoring return value of ‘int asprintf(char**, const char*, ...)’, declared with attribute warn_unused_result [-Wunused-result]
         asprintf(&outputGate, "%s$o", msg->getArrivalGate()->getBaseName());
         ~~~~~~~~^~~~~~~~~~~~~~~~~~~~~~~~~~~~~~~~~~~~~~~~~~~~~~~~~~~~~~~~~~~
Creating executable: ../out/gcc-release/src/sality
make[1]: Leaving directory '/opt/omnetpp-5.4.1/thesis/sality/src'
21:00:53 **** Incremental Build of configuration release for project sality ****
make MODE=release all 
cd src && make
make[1]: Entering directory '/opt/omnetpp-5.4.1/thesis/sality/src'
entities/crawlers/BaseCrawler.cc
In file included from entities/crawlers/BaseCrawler.cc:1:0:
entities/crawlers/BaseCrawler.h:13:5: error: ‘list’ does not name a type; did you mean ‘link’?
     list <int> possibleBotmasters; // stores the ID of Superpeers that possibly are a botmaster.
     ^~~~
     link
make[1]: *** [../out/gcc-release/src/entities/crawlers/BaseCrawler.o] Error 1
Makefile:103: recipe for target '../out/gcc-release/src/entities/crawlers/BaseCrawler.o' failed
make: *** [all] Error 2
make[1]: Leaving directory '/opt/omnetpp-5.4.1/thesis/sality/src'
Makefile:2: recipe for target 'all' failed
21:01:26 **** Incremental Build of configuration release for project sality ****
make MODE=release all 
cd src && make
make[1]: Entering directory '/opt/omnetpp-5.4.1/thesis/sality/src'
entities/crawlers/BaseCrawler.cc
Creating executable: ../out/gcc-release/src/sality
make[1]: Leaving directory '/opt/omnetpp-5.4.1/thesis/sality/src'
21:02:12 **** Incremental Build of configuration release for project sality ****
make MODE=release all 
cd src && make
make[1]: Entering directory '/opt/omnetpp-5.4.1/thesis/sality/src'
entities/crawlers/BaseCrawler.cc
Creating executable: ../out/gcc-release/src/sality
make[1]: Leaving directory '/opt/omnetpp-5.4.1/thesis/sality/src'
21:06:17 **** Incremental Build of configuration release for project sality ****
make MODE=release all 
cd src && make
make[1]: Entering directory '/opt/omnetpp-5.4.1/thesis/sality/src'
entities/crawlers/CrawlerV1.cc
In file included from /opt/omnetpp-5.4.1/include/omnetpp/cobject.h:26:0,
                 from /opt/omnetpp-5.4.1/include/omnetpp/cnamedobject.h:23,
                 from /opt/omnetpp-5.4.1/include/omnetpp/cownedobject.h:23,
                 from /opt/omnetpp-5.4.1/include/omnetpp/carray.h:19,
                 from /opt/omnetpp-5.4.1/include/omnetpp.h:28,
                 from entities/crawlers/BaseCrawler.h:4,
                 from entities/crawlers/CrawlerV1.h:4,
                 from entities/crawlers/CrawlerV1.cc:1:
entities/crawlers/CrawlerV1.cc: In function ‘omnetpp::cObject* __factoryfunc_3()’:
entities/crawlers/CrawlerV1.cc:3:15: error: ‘Crawler’ does not name a type; did you mean ‘CrawlerV1’?
 Define_Module(Crawler);
               ^
entities/crawlers/CrawlerV1.cc: In function ‘void* __castfunc_3(omnetpp::cObject*)’:
entities/crawlers/CrawlerV1.cc:3:15: error: ‘Crawler’ does not name a type; did you mean ‘CrawlerV1’?
 Define_Module(Crawler);
               ^
entities/crawlers/CrawlerV1.cc:3:1: error: expected ‘>’ before ‘*’ token
 Define_Module(Crawler);
 ^
entities/crawlers/CrawlerV1.cc:3:1: error: expected ‘(’ before ‘*’ token
entities/crawlers/CrawlerV1.cc:3:1: error: expected primary-expression before ‘>’ token
 Define_Module(Crawler);
 ^
entities/crawlers/CrawlerV1.cc:3:1: error: expected ‘)’ before ‘;’ token
 Define_Module(Crawler);
 ^
In file included from /opt/omnetpp-5.4.1/include/omnetpp/globals.h:21:0,
                 from /opt/omnetpp-5.4.1/include/omnetpp/cobjectfactory.h:20,
                 from /opt/omnetpp-5.4.1/include/omnetpp.h:30,
                 from entities/crawlers/BaseCrawler.h:4,
                 from entities/crawlers/CrawlerV1.h:4,
                 from entities/crawlers/CrawlerV1.cc:1:
entities/crawlers/CrawlerV1.cc: In function ‘void {anonymous}::__onstartup_func_3()’:
entities/crawlers/CrawlerV1.cc:3:15: error: ‘Crawler’ was not declared in this scope
 Define_Module(Crawler);
               ^
entities/crawlers/CrawlerV1.cc:3:15: note: suggested alternative: ‘CrawlerV1’
Makefile:103: recipe for target '../out/gcc-release/src/entities/crawlers/CrawlerV1.o' failed
make[1]: *** [../out/gcc-release/src/entities/crawlers/CrawlerV1.o] Error 1
make[1]: Leaving directory '/opt/omnetpp-5.4.1/thesis/sality/src'
make: *** [all] Error 2
Makefile:2: recipe for target 'all' failed
21:08:42 **** Incremental Build of configuration release for project sality ****
make MODE=release all 
cd src && make
make[1]: Entering directory '/opt/omnetpp-5.4.1/thesis/sality/src'
entities/Botmaster.cc
entities/crawlers/CrawlerV1.cc
Creating executable: ../out/gcc-release/src/sality
make[1]: Leaving directory '/opt/omnetpp-5.4.1/thesis/sality/src'
21:09:02 **** Incremental Build of configuration release for project sality ****
make MODE=release all 
cd src && make
make[1]: Entering directory '/opt/omnetpp-5.4.1/thesis/sality/src'
make[1]: Nothing to be done for 'all'.
make[1]: Leaving directory '/opt/omnetpp-5.4.1/thesis/sality/src'
21:12:23 **** Incremental Build of configuration release for project sality ****
make MODE=release all 
cd src && make
make[1]: Entering directory '/opt/omnetpp-5.4.1/thesis/sality/src'
make[1]: Nothing to be done for 'all'.
make[1]: Leaving directory '/opt/omnetpp-5.4.1/thesis/sality/src'
21:45:02 **** Incremental Build of configuration release for project sality ****
make MODE=release all 
cd src && make
make[1]: Entering directory '/opt/omnetpp-5.4.1/thesis/sality/src'
entities/crawlers/BaseCrawler.cc
entities/crawlers/CrawlerV1.cc
Creating executable: ../out/gcc-release/src/sality
make[1]: Leaving directory '/opt/omnetpp-5.4.1/thesis/sality/src'
22:04:36 **** Incremental Build of configuration release for project sality ****
make MODE=release all 
cd src && make
make[1]: Entering directory '/opt/omnetpp-5.4.1/thesis/sality/src'
entities/crawlers/BaseCrawler.cc
In file included from entities/crawlers/BaseCrawler.cc:1:0:
entities/crawlers/BaseCrawler.h:6:10: fatal error: SalityConstants.h: No such file or directory
 #include "SalityConstants.h"
          ^~~~~~~~~~~~~~~~~~~
compilation terminated.
Makefile:103: recipe for target '../out/gcc-release/src/entities/crawlers/BaseCrawler.o' failed
make[1]: *** [../out/gcc-release/src/entities/crawlers/BaseCrawler.o] Error 1
make[1]: Leaving directory '/opt/omnetpp-5.4.1/thesis/sality/src'
Makefile:2: recipe for target 'all' failed
make: *** [all] Error 2
22:04:58 **** Incremental Build of configuration release for project sality ****
make MODE=release all 
cd src && make
make[1]: Entering directory '/opt/omnetpp-5.4.1/thesis/sality/src'
entities/crawlers/BaseCrawler.cc
entities/crawlers/BaseCrawler.cc: In member function ‘virtual void BaseCrawler::pollSuperpeers()’:
entities/crawlers/BaseCrawler.cc:19:34: error: ‘urlPackMessage’ was not declared in this scope
     cMessage* msg = new cMessage(urlPackMessage);
                                  ^~~~~~~~~~~~~~
entities/crawlers/BaseCrawler.cc:19:34: note: suggested alternative: ‘handleMessage’
     cMessage* msg = new cMessage(urlPackMessage);
                                  ^~~~~~~~~~~~~~
                                  handleMessage
entities/crawlers/BaseCrawler.cc:20:5: error: ‘list’ was not declared in this scope
     list<int>::iterator it;
     ^~~~
entities/crawlers/BaseCrawler.cc:20:5: note: suggested alternatives:
In file included from /usr/include/c++/7/list:63:0,
                 from /opt/omnetpp-5.4.1/include/omnetpp/cstlwatch.h:20,
                 from /opt/omnetpp-5.4.1/include/omnetpp.h:104,
                 from entities/crawlers/BaseCrawler.h:4,
                 from entities/crawlers/BaseCrawler.cc:1:
/usr/include/c++/7/bits/stl_list.h:503:11: note:   ‘std::__cxx11::list’
     class list : protected _List_base<_Tp, _Alloc>
           ^~~~
/usr/include/c++/7/bits/stl_list.h:503:11: note:   ‘std::__cxx11::list’
entities/crawlers/BaseCrawler.cc:20:10: error: expected primary-expression before ‘int’
     list<int>::iterator it;
          ^~~
entities/crawlers/BaseCrawler.cc:22:10: error: ‘it’ was not declared in this scope
     for (it = possibleBotmasters.begin(); it != possibleBotmasters.end(); it++) {
          ^~
entities/crawlers/BaseCrawler.cc:22:10: note: suggested alternative: ‘int’
     for (it = possibleBotmasters.begin(); it != possibleBotmasters.end(); it++) {
          ^~
          int
entities/crawlers/BaseCrawler.cc:25:45: error: ‘i’ was not declared in this scope
         forwardMessage(dup, "outputGate$o", i);
                                             ^
entities/crawlers/BaseCrawler.cc:25:9: error: ‘forwardMessage’ was not declared in this scope
         forwardMessage(dup, "outputGate$o", i);
         ^~~~~~~~~~~~~~
entities/crawlers/BaseCrawler.cc:25:9: note: suggested alternative: ‘handleMessage’
         forwardMessage(dup, "outputGate$o", i);
         ^~~~~~~~~~~~~~
         handleMessage
Makefile:103: recipe for target '../out/gcc-release/src/entities/crawlers/BaseCrawler.o' failed
make[1]: *** [../out/gcc-release/src/entities/crawlers/BaseCrawler.o] Error 1
make[1]: Leaving directory '/opt/omnetpp-5.4.1/thesis/sality/src'
Makefile:2: recipe for target 'all' failed
make: *** [all] Error 2
22:05:22 **** Incremental Build of configuration release for project sality ****
make MODE=release all 
cd src && make
make[1]: Entering directory '/opt/omnetpp-5.4.1/thesis/sality/src'
entities/crawlers/BaseCrawler.cc
entities/crawlers/CrawlerV1.cc
Creating executable: ../out/gcc-release/src/sality
../out/gcc-release/src/entities/crawlers/BaseCrawler.o:(.data.rel.ro._ZTV11BaseCrawler[_ZTV11BaseCrawler]+0x598): undefined reference to `BaseCrawler::pollSuperpeers()'
../out/gcc-release/src/entities/crawlers/CrawlerV1.o:(.data.rel.ro._ZTV9CrawlerV1[_ZTV9CrawlerV1]+0x598): undefined reference to `BaseCrawler::pollSuperpeers()'
collect2: error: ld returned 1 exit status
make[1]: *** [../out/gcc-release/src/sality] Error 1
Makefile:94: recipe for target '../out/gcc-release/src/sality' failed
make: *** [all] Error 2
make[1]: Leaving directory '/opt/omnetpp-5.4.1/thesis/sality/src'
Makefile:2: recipe for target 'all' failed
22:05:55 **** Incremental Build of configuration release for project sality ****
make MODE=release all 
cd src && make
make[1]: Entering directory '/opt/omnetpp-5.4.1/thesis/sality/src'
entities/crawlers/BaseCrawler.cc
entities/crawlers/BaseCrawler.cc: In member function ‘virtual void BaseCrawler::pollSuperpeers()’:
entities/crawlers/BaseCrawler.cc:19:34: error: ‘urlPackMessage’ was not declared in this scope
     cMessage* msg = new cMessage(urlPackMessage);
                                  ^~~~~~~~~~~~~~
entities/crawlers/BaseCrawler.cc:19:34: note: suggested alternative: ‘handleMessage’
     cMessage* msg = new cMessage(urlPackMessage);
                                  ^~~~~~~~~~~~~~
                                  handleMessage
entities/crawlers/BaseCrawler.cc:20:5: error: ‘list’ was not declared in this scope
     list<int>::iterator it;
     ^~~~
entities/crawlers/BaseCrawler.cc:20:5: note: suggested alternatives:
In file included from /usr/include/c++/7/list:63:0,
                 from /opt/omnetpp-5.4.1/include/omnetpp/cstlwatch.h:20,
                 from /opt/omnetpp-5.4.1/include/omnetpp.h:104,
                 from entities/crawlers/BaseCrawler.h:4,
                 from entities/crawlers/BaseCrawler.cc:1:
/usr/include/c++/7/bits/stl_list.h:503:11: note:   ‘std::__cxx11::list’
     class list : protected _List_base<_Tp, _Alloc>
           ^~~~
/usr/include/c++/7/bits/stl_list.h:503:11: note:   ‘std::__cxx11::list’
entities/crawlers/BaseCrawler.cc:20:10: error: expected primary-expression before ‘int’
     list<int>::iterator it;
          ^~~
make[1]: *** [../out/gcc-release/src/entities/crawlers/BaseCrawler.o] Error 1
Makefile:103: recipe for target '../out/gcc-release/src/entities/crawlers/BaseCrawler.o' failed
make: *** [all] Error 2
make[1]: Leaving directory '/opt/omnetpp-5.4.1/thesis/sality/src'
Makefile:2: recipe for target 'all' failed
22:06:12 **** Incremental Build of configuration release for project sality ****
make MODE=release all 
cd src && make
make[1]: Entering directory '/opt/omnetpp-5.4.1/thesis/sality/src'
entities/crawlers/BaseCrawler.cc
entities/crawlers/BaseCrawler.cc: In member function ‘virtual void BaseCrawler::pollSuperpeers()’:
entities/crawlers/BaseCrawler.cc:19:34: error: ‘urlPackMessage’ was not declared in this scope
     cMessage* msg = new cMessage(urlPackMessage);
                                  ^~~~~~~~~~~~~~
entities/crawlers/BaseCrawler.cc:19:34: note: suggested alternative: ‘handleMessage’
     cMessage* msg = new cMessage(urlPackMessage);
                                  ^~~~~~~~~~~~~~
                                  handleMessage
Makefile:103: recipe for target '../out/gcc-release/src/entities/crawlers/BaseCrawler.o' failed
make[1]: *** [../out/gcc-release/src/entities/crawlers/BaseCrawler.o] Error 1
make[1]: Leaving directory '/opt/omnetpp-5.4.1/thesis/sality/src'
Makefile:2: recipe for target 'all' failed
make: *** [all] Error 2
22:07:59 **** Incremental Build of configuration release for project sality ****
make MODE=release all 
cd src && make
make[1]: Entering directory '/opt/omnetpp-5.4.1/thesis/sality/src'
entities/crawlers/BaseCrawler.cc
entities/crawlers/CrawlerV1.cc
Creating executable: ../out/gcc-release/src/sality
../out/gcc-release/src/entities/crawlers/CrawlerV1.o:(.data.rel.local+0x0): multiple definition of `urlPackMessage'
../out/gcc-release/src/entities/crawlers/BaseCrawler.o:(.data.rel.local+0x0): first defined here
collect2: error: ld returned 1 exit status
make[1]: *** [../out/gcc-release/src/sality] Error 1
Makefile:94: recipe for target '../out/gcc-release/src/sality' failed
make: *** [all] Error 2
make[1]: Leaving directory '/opt/omnetpp-5.4.1/thesis/sality/src'
Makefile:2: recipe for target 'all' failed
22:11:14 **** Incremental Build of configuration release for project sality ****
make MODE=release all 
cd src && make
make[1]: Entering directory '/opt/omnetpp-5.4.1/thesis/sality/src'
entities/crawlers/BaseCrawler.cc
In file included from entities/crawlers/BaseCrawler.h:6:0,
                 from entities/crawlers/BaseCrawler.cc:1:
entities/crawlers/../SalityConstants.h:4:13: warning: ISO C++11 requires whitespace after the macro name
 #define char* urlPackMessage = "URLPackMessage";
             ^
entities/crawlers/BaseCrawler.cc: In member function ‘virtual void BaseCrawler::pollSuperpeers()’:
entities/crawlers/BaseCrawler.cc:19:34: error: ‘urlPackMessage’ was not declared in this scope
     cMessage* msg = new cMessage(urlPackMessage);
                                  ^~~~~~~~~~~~~~
entities/crawlers/BaseCrawler.cc:19:34: note: suggested alternative: ‘handleMessage’
     cMessage* msg = new cMessage(urlPackMessage);
                                  ^~~~~~~~~~~~~~
                                  handleMessage
Makefile:103: recipe for target '../out/gcc-release/src/entities/crawlers/BaseCrawler.o' failed
make[1]: *** [../out/gcc-release/src/entities/crawlers/BaseCrawler.o] Error 1
make[1]: Leaving directory '/opt/omnetpp-5.4.1/thesis/sality/src'
Makefile:2: recipe for target 'all' failed
make: *** [all] Error 2
22:11:37 **** Incremental Build of configuration release for project sality ****
make MODE=release all 
cd src && make
make[1]: Entering directory '/opt/omnetpp-5.4.1/thesis/sality/src'
entities/crawlers/BaseCrawler.cc
entities/crawlers/BaseCrawler.cc: In member function ‘virtual void BaseCrawler::pollSuperpeers()’:
entities/crawlers/BaseCrawler.cc:19:34: error: ‘urlPackMessage’ was not declared in this scope
     cMessage* msg = new cMessage(urlPackMessage);
                                  ^~~~~~~~~~~~~~
entities/crawlers/BaseCrawler.cc:19:34: note: suggested alternative: ‘handleMessage’
     cMessage* msg = new cMessage(urlPackMessage);
                                  ^~~~~~~~~~~~~~
                                  handleMessage
make[1]: *** [../out/gcc-release/src/entities/crawlers/BaseCrawler.o] Error 1
Makefile:103: recipe for target '../out/gcc-release/src/entities/crawlers/BaseCrawler.o' failed
make: *** [all] Error 2
make[1]: Leaving directory '/opt/omnetpp-5.4.1/thesis/sality/src'
Makefile:2: recipe for target 'all' failed
22:15:16 **** Incremental Build of configuration release for project sality ****
make MODE=release all 
cd src && make
make[1]: Entering directory '/opt/omnetpp-5.4.1/thesis/sality/src'
entities/crawlers/BaseCrawler.cc
In file included from entities/crawlers/BaseCrawler.h:6:0,
                 from entities/crawlers/BaseCrawler.cc:1:
entities/crawlers/../SalityConstants.h:5:28: warning: ISO C++ forbids converting a string constant to ‘char*’ [-Wwrite-strings]
     char* urlPackMessage = "URLPackMessage";
                            ^~~~~~~~~~~~~~~~
entities/crawlers/BaseCrawler.cc: In member function ‘virtual void BaseCrawler::pollSuperpeers()’:
entities/crawlers/BaseCrawler.cc:19:51: error: ‘char* SalityConstants::urlPackMessage’ is private within this context
     cMessage* msg = new cMessage(SalityConstants::urlPackMessage);
                                                   ^~~~~~~~~~~~~~
In file included from entities/crawlers/BaseCrawler.h:6:0,
                 from entities/crawlers/BaseCrawler.cc:1:
entities/crawlers/../SalityConstants.h:5:28: note: declared private here
     char* urlPackMessage = "URLPackMessage";
                            ^~~~~~~~~~~~~~~~
entities/crawlers/BaseCrawler.cc:19:51: error: invalid use of non-static data member ‘SalityConstants::urlPackMessage’
     cMessage* msg = new cMessage(SalityConstants::urlPackMessage);
                                                   ^~~~~~~~~~~~~~
In file included from entities/crawlers/BaseCrawler.h:6:0,
                 from entities/crawlers/BaseCrawler.cc:1:
entities/crawlers/../SalityConstants.h:5:28: note: declared here
     char* urlPackMessage = "URLPackMessage";
                            ^~~~~~~~~~~~~~~~
Makefile:103: recipe for target '../out/gcc-release/src/entities/crawlers/BaseCrawler.o' failed
make[1]: *** [../out/gcc-release/src/entities/crawlers/BaseCrawler.o] Error 1
make[1]: Leaving directory '/opt/omnetpp-5.4.1/thesis/sality/src'
Makefile:2: recipe for target 'all' failed
make: *** [all] Error 2
22:15:51 **** Incremental Build of configuration release for project sality ****
make MODE=release all 
cd src && make
make[1]: Entering directory '/opt/omnetpp-5.4.1/thesis/sality/src'
entities/crawlers/BaseCrawler.cc
In file included from entities/crawlers/BaseCrawler.h:6:0,
                 from entities/crawlers/BaseCrawler.cc:1:
entities/crawlers/../SalityConstants.h:5:34: warning: ISO C++ forbids converting a string constant to ‘char*’ [-Wwrite-strings]
     char* const urlPackMessage = "URLPackMessage";
                                  ^~~~~~~~~~~~~~~~
entities/crawlers/BaseCrawler.cc: In member function ‘virtual void BaseCrawler::pollSuperpeers()’:
entities/crawlers/BaseCrawler.cc:19:51: error: ‘char* const SalityConstants::urlPackMessage’ is private within this context
     cMessage* msg = new cMessage(SalityConstants::urlPackMessage);
                                                   ^~~~~~~~~~~~~~
In file included from entities/crawlers/BaseCrawler.h:6:0,
                 from entities/crawlers/BaseCrawler.cc:1:
entities/crawlers/../SalityConstants.h:5:34: note: declared private here
     char* const urlPackMessage = "URLPackMessage";
                                  ^~~~~~~~~~~~~~~~
entities/crawlers/BaseCrawler.cc:19:51: error: invalid use of non-static data member ‘SalityConstants::urlPackMessage’
     cMessage* msg = new cMessage(SalityConstants::urlPackMessage);
                                                   ^~~~~~~~~~~~~~
In file included from entities/crawlers/BaseCrawler.h:6:0,
                 from entities/crawlers/BaseCrawler.cc:1:
entities/crawlers/../SalityConstants.h:5:34: note: declared here
     char* const urlPackMessage = "URLPackMessage";
                                  ^~~~~~~~~~~~~~~~
make[1]: *** [../out/gcc-release/src/entities/crawlers/BaseCrawler.o] Error 1
Makefile:103: recipe for target '../out/gcc-release/src/entities/crawlers/BaseCrawler.o' failed
make: *** [all] Error 2
make[1]: Leaving directory '/opt/omnetpp-5.4.1/thesis/sality/src'
Makefile:2: recipe for target 'all' failed
22:16:13 **** Incremental Build of configuration release for project sality ****
make MODE=release all 
cd src && make
make[1]: Entering directory '/opt/omnetpp-5.4.1/thesis/sality/src'
entities/crawlers/BaseCrawler.cc
In file included from entities/crawlers/BaseCrawler.h:6:0,
                 from entities/crawlers/BaseCrawler.cc:1:
entities/crawlers/../SalityConstants.h:5:5: error: ‘string’ does not name a type; did you mean ‘stdin’?
     string const urlPackMessage = "URLPackMessage";
     ^~~~~~
     stdin
entities/crawlers/BaseCrawler.cc: In member function ‘virtual void BaseCrawler::pollSuperpeers()’:
entities/crawlers/BaseCrawler.cc:19:51: error: ‘urlPackMessage’ is not a member of ‘SalityConstants’
     cMessage* msg = new cMessage(SalityConstants::urlPackMessage);
                                                   ^~~~~~~~~~~~~~
make[1]: *** [../out/gcc-release/src/entities/crawlers/BaseCrawler.o] Error 1
Makefile:103: recipe for target '../out/gcc-release/src/entities/crawlers/BaseCrawler.o' failed
make: *** [all] Error 2
make[1]: Leaving directory '/opt/omnetpp-5.4.1/thesis/sality/src'
Makefile:2: recipe for target 'all' failed
22:16:28 **** Incremental Build of configuration release for project sality ****
make MODE=release all 
cd src && make
make[1]: Entering directory '/opt/omnetpp-5.4.1/thesis/sality/src'
entities/crawlers/BaseCrawler.cc
entities/crawlers/BaseCrawler.cc: In member function ‘virtual void BaseCrawler::pollSuperpeers()’:
entities/crawlers/BaseCrawler.cc:19:51: error: ‘const string SalityConstants::urlPackMessage’ is private within this context
     cMessage* msg = new cMessage(SalityConstants::urlPackMessage);
                                                   ^~~~~~~~~~~~~~
In file included from entities/crawlers/BaseCrawler.h:6:0,
                 from entities/crawlers/BaseCrawler.cc:1:
entities/crawlers/../SalityConstants.h:5:40: note: declared private here
     std::string const urlPackMessage = "URLPackMessage";
                                        ^~~~~~~~~~~~~~~~
entities/crawlers/BaseCrawler.cc:19:51: error: invalid use of non-static data member ‘SalityConstants::urlPackMessage’
     cMessage* msg = new cMessage(SalityConstants::urlPackMessage);
                                                   ^~~~~~~~~~~~~~
In file included from entities/crawlers/BaseCrawler.h:6:0,
                 from entities/crawlers/BaseCrawler.cc:1:
entities/crawlers/../SalityConstants.h:5:40: note: declared here
     std::string const urlPackMessage = "URLPackMessage";
                                        ^~~~~~~~~~~~~~~~
Makefile:103: recipe for target '../out/gcc-release/src/entities/crawlers/BaseCrawler.o' failed
make[1]: *** [../out/gcc-release/src/entities/crawlers/BaseCrawler.o] Error 1
make[1]: Leaving directory '/opt/omnetpp-5.4.1/thesis/sality/src'
Makefile:2: recipe for target 'all' failed
make: *** [all] Error 2
22:16:42 **** Incremental Build of configuration release for project sality ****
make MODE=release all 
cd src && make
make[1]: Entering directory '/opt/omnetpp-5.4.1/thesis/sality/src'
entities/crawlers/BaseCrawler.cc
entities/crawlers/BaseCrawler.cc: In member function ‘virtual void BaseCrawler::pollSuperpeers()’:
entities/crawlers/BaseCrawler.cc:19:51: error: invalid use of non-static data member ‘SalityConstants::urlPackMessage’
     cMessage* msg = new cMessage(SalityConstants::urlPackMessage);
                                                   ^~~~~~~~~~~~~~
In file included from entities/crawlers/BaseCrawler.h:6:0,
                 from entities/crawlers/BaseCrawler.cc:1:
entities/crawlers/../SalityConstants.h:6:40: note: declared here
     std::string const urlPackMessage = "URLPackMessage";
                                        ^~~~~~~~~~~~~~~~
make[1]: *** [../out/gcc-release/src/entities/crawlers/BaseCrawler.o] Error 1
Makefile:103: recipe for target '../out/gcc-release/src/entities/crawlers/BaseCrawler.o' failed
make: *** [all] Error 2
make[1]: Leaving directory '/opt/omnetpp-5.4.1/thesis/sality/src'
Makefile:2: recipe for target 'all' failed
22:17:18 **** Incremental Build of configuration release for project sality ****
make MODE=release all 
cd src && make
make[1]: Entering directory '/opt/omnetpp-5.4.1/thesis/sality/src'
entities/crawlers/BaseCrawler.cc
In file included from entities/crawlers/BaseCrawler.h:6:0,
                 from entities/crawlers/BaseCrawler.cc:1:
entities/crawlers/../SalityConstants.h:6:30: error: in-class initialization of static data member ‘const string SalityConstants::urlPackMessage’ of non-literal type
     static std::string const urlPackMessage = "URLPackMessage";
                              ^~~~~~~~~~~~~~
entities/crawlers/../SalityConstants.h:6:47: error: call to non-constexpr function ‘std::__cxx11::basic_string<_CharT, _Traits, _Alloc>::basic_string(const _CharT*, const _Alloc&) [with _CharT = char; _Traits = std::char_traits<char>; _Alloc = std::allocator<char>]’
     static std::string const urlPackMessage = "URLPackMessage";
                                               ^~~~~~~~~~~~~~~~
entities/crawlers/BaseCrawler.cc: In member function ‘virtual void BaseCrawler::pollSuperpeers()’:
entities/crawlers/BaseCrawler.cc:19:65: error: no matching function for call to ‘omnetpp::cMessage::cMessage(const string&)’
     cMessage* msg = new cMessage(SalityConstants::urlPackMessage);
                                                                 ^
In file included from /opt/omnetpp-5.4.1/include/omnetpp/cchannel.h:21:0,
                 from /opt/omnetpp-5.4.1/include/omnetpp.h:35,
                 from entities/crawlers/BaseCrawler.h:4,
                 from entities/crawlers/BaseCrawler.cc:1:
/opt/omnetpp-5.4.1/include/omnetpp/cmessage.h:177:14: note: candidate: omnetpp::cMessage::cMessage(const char*, short int)
     explicit cMessage(const char *name=nullptr, short kind=0);
              ^~~~~~~~
/opt/omnetpp-5.4.1/include/omnetpp/cmessage.h:177:14: note:   no known conversion for argument 1 from ‘const string {aka const std::__cxx11::basic_string<char>}’ to ‘const char*’
/opt/omnetpp-5.4.1/include/omnetpp/cmessage.h:172:5: note: candidate: omnetpp::cMessage::cMessage(const omnetpp::cMessage&)
     cMessage(const cMessage& msg);
     ^~~~~~~~
/opt/omnetpp-5.4.1/include/omnetpp/cmessage.h:172:5: note:   no known conversion for argument 1 from ‘const string {aka const std::__cxx11::basic_string<char>}’ to ‘const omnetpp::cMessage&’
make[1]: *** [../out/gcc-release/src/entities/crawlers/BaseCrawler.o] Error 1
Makefile:103: recipe for target '../out/gcc-release/src/entities/crawlers/BaseCrawler.o' failed
make: *** [all] Error 2
make[1]: Leaving directory '/opt/omnetpp-5.4.1/thesis/sality/src'
Makefile:2: recipe for target 'all' failed
22:18:47 **** Incremental Build of configuration release for project sality ****
make MODE=release all 
cd src && make
make[1]: Entering directory '/opt/omnetpp-5.4.1/thesis/sality/src'
entities/crawlers/BaseCrawler.cc
In file included from entities/crawlers/BaseCrawler.h:6:0,
                 from entities/crawlers/BaseCrawler.cc:1:
entities/crawlers/../SalityConstants.h:8:25: error: ‘string’ does not name a type; did you mean ‘stdin’?
     inline static const string urlPackMessage = "URLPackMessage";
                         ^~~~~~
                         stdin
entities/crawlers/BaseCrawler.cc: In member function ‘virtual void BaseCrawler::pollSuperpeers()’:
entities/crawlers/BaseCrawler.cc:19:51: error: ‘urlPackMessage’ is not a member of ‘SalityConstants’
     cMessage* msg = new cMessage(SalityConstants::urlPackMessage);
                                                   ^~~~~~~~~~~~~~
make[1]: *** [../out/gcc-release/src/entities/crawlers/BaseCrawler.o] Error 1
Makefile:103: recipe for target '../out/gcc-release/src/entities/crawlers/BaseCrawler.o' failed
make[1]: Leaving directory '/opt/omnetpp-5.4.1/thesis/sality/src'
Makefile:2: recipe for target 'all' failed
make: *** [all] Error 2
22:19:04 **** Incremental Build of configuration release for project sality ****
make MODE=release all 
cd src && make
make[1]: Entering directory '/opt/omnetpp-5.4.1/thesis/sality/src'
entities/crawlers/BaseCrawler.cc
In file included from entities/crawlers/BaseCrawler.h:6:0,
                 from entities/crawlers/BaseCrawler.cc:1:
entities/crawlers/../SalityConstants.h:8:25: error: ‘string’ does not name a type; did you mean ‘stdin’?
     inline static const string urlPackMessage = "URLPackMessage";
                         ^~~~~~
                         stdin
entities/crawlers/BaseCrawler.cc: In member function ‘virtual void BaseCrawler::pollSuperpeers()’:
entities/crawlers/BaseCrawler.cc:19:51: error: ‘urlPackMessage’ is not a member of ‘SalityConstants’
     cMessage* msg = new cMessage(SalityConstants::urlPackMessage);
                                                   ^~~~~~~~~~~~~~
Makefile:103: recipe for target '../out/gcc-release/src/entities/crawlers/BaseCrawler.o' failed
make[1]: *** [../out/gcc-release/src/entities/crawlers/BaseCrawler.o] Error 1
make[1]: Leaving directory '/opt/omnetpp-5.4.1/thesis/sality/src'
Makefile:2: recipe for target 'all' failed
make: *** [all] Error 2
22:20:14 **** Incremental Build of configuration release for project sality ****
make MODE=release all 
cd src && make
make[1]: Entering directory '/opt/omnetpp-5.4.1/thesis/sality/src'
entities/crawlers/BaseCrawler.cc
In file included from entities/crawlers/BaseCrawler.h:6:0,
                 from entities/crawlers/BaseCrawler.cc:1:
entities/crawlers/../SalityConstants.h:9:32: warning: inline variables are only available with -std=c++1z or -std=gnu++1z
     inline static const string urlPackMessage = "URLPackMessage";
                                ^~~~~~~~~~~~~~
entities/crawlers/BaseCrawler.cc: In member function ‘virtual void BaseCrawler::pollSuperpeers()’:
entities/crawlers/BaseCrawler.cc:19:65: error: no matching function for call to ‘omnetpp::cMessage::cMessage(const string&)’
     cMessage* msg = new cMessage(SalityConstants::urlPackMessage);
                                                                 ^
In file included from /opt/omnetpp-5.4.1/include/omnetpp/cchannel.h:21:0,
                 from /opt/omnetpp-5.4.1/include/omnetpp.h:35,
                 from entities/crawlers/BaseCrawler.h:4,
                 from entities/crawlers/BaseCrawler.cc:1:
/opt/omnetpp-5.4.1/include/omnetpp/cmessage.h:177:14: note: candidate: omnetpp::cMessage::cMessage(const char*, short int)
     explicit cMessage(const char *name=nullptr, short kind=0);
              ^~~~~~~~
/opt/omnetpp-5.4.1/include/omnetpp/cmessage.h:177:14: note:   no known conversion for argument 1 from ‘const string {aka const std::__cxx11::basic_string<char>}’ to ‘const char*’
/opt/omnetpp-5.4.1/include/omnetpp/cmessage.h:172:5: note: candidate: omnetpp::cMessage::cMessage(const omnetpp::cMessage&)
     cMessage(const cMessage& msg);
     ^~~~~~~~
/opt/omnetpp-5.4.1/include/omnetpp/cmessage.h:172:5: note:   no known conversion for argument 1 from ‘const string {aka const std::__cxx11::basic_string<char>}’ to ‘const omnetpp::cMessage&’
make[1]: *** [../out/gcc-release/src/entities/crawlers/BaseCrawler.o] Error 1
Makefile:103: recipe for target '../out/gcc-release/src/entities/crawlers/BaseCrawler.o' failed
make[1]: Leaving directory '/opt/omnetpp-5.4.1/thesis/sality/src'
Makefile:2: recipe for target 'all' failed
make: *** [all] Error 2
22:20:28 **** Incremental Build of configuration release for project sality ****
make MODE=release all 
cd src && make
make[1]: Entering directory '/opt/omnetpp-5.4.1/thesis/sality/src'
entities/crawlers/BaseCrawler.cc
In file included from entities/crawlers/BaseCrawler.h:6:0,
                 from entities/crawlers/BaseCrawler.cc:1:
entities/crawlers/../SalityConstants.h:9:25: error: in-class initialization of static data member ‘const string SalityConstants::urlPackMessage’ of non-literal type
     static const string urlPackMessage = "URLPackMessage";
                         ^~~~~~~~~~~~~~
entities/crawlers/../SalityConstants.h:9:42: error: call to non-constexpr function ‘std::__cxx11::basic_string<_CharT, _Traits, _Alloc>::basic_string(const _CharT*, const _Alloc&) [with _CharT = char; _Traits = std::char_traits<char>; _Alloc = std::allocator<char>]’
     static const string urlPackMessage = "URLPackMessage";
                                          ^~~~~~~~~~~~~~~~
entities/crawlers/BaseCrawler.cc: In member function ‘virtual void BaseCrawler::pollSuperpeers()’:
entities/crawlers/BaseCrawler.cc:19:65: error: no matching function for call to ‘omnetpp::cMessage::cMessage(const string&)’
     cMessage* msg = new cMessage(SalityConstants::urlPackMessage);
                                                                 ^
In file included from /opt/omnetpp-5.4.1/include/omnetpp/cchannel.h:21:0,
                 from /opt/omnetpp-5.4.1/include/omnetpp.h:35,
                 from entities/crawlers/BaseCrawler.h:4,
                 from entities/crawlers/BaseCrawler.cc:1:
/opt/omnetpp-5.4.1/include/omnetpp/cmessage.h:177:14: note: candidate: omnetpp::cMessage::cMessage(const char*, short int)
     explicit cMessage(const char *name=nullptr, short kind=0);
              ^~~~~~~~
/opt/omnetpp-5.4.1/include/omnetpp/cmessage.h:177:14: note:   no known conversion for argument 1 from ‘const string {aka const std::__cxx11::basic_string<char>}’ to ‘const char*’
/opt/omnetpp-5.4.1/include/omnetpp/cmessage.h:172:5: note: candidate: omnetpp::cMessage::cMessage(const omnetpp::cMessage&)
     cMessage(const cMessage& msg);
     ^~~~~~~~
/opt/omnetpp-5.4.1/include/omnetpp/cmessage.h:172:5: note:   no known conversion for argument 1 from ‘const string {aka const std::__cxx11::basic_string<char>}’ to ‘const omnetpp::cMessage&’
make[1]: *** [../out/gcc-release/src/entities/crawlers/BaseCrawler.o] Error 1
Makefile:103: recipe for target '../out/gcc-release/src/entities/crawlers/BaseCrawler.o' failed
make[1]: Leaving directory '/opt/omnetpp-5.4.1/thesis/sality/src'
Makefile:2: recipe for target 'all' failed
make: *** [all] Error 2
22:29:40 **** Incremental Build of configuration release for project sality ****
make MODE=release all 
cd src && make
make[1]: Entering directory '/opt/omnetpp-5.4.1/thesis/sality/src'
entities/SalityConstants.cc
In file included from entities/SalityConstants.cc:1:0:
entities/SalityConstants.h:6:25: error: ‘constexpr’ needed for in-class initialization of static data member ‘const char* SalityConstants::urlPackMessage’ of non-integral type [-fpermissive]
     static const char * urlPackMessage = "URLPackMessage";
                         ^~~~~~~~~~~~~~
entities/SalityConstants.cc: In function ‘const char* getUrlPackMessageString()’:
entities/SalityConstants.cc:4:12: error: ‘urlPackMessage’ was not declared in this scope
     return urlPackMessage;
            ^~~~~~~~~~~~~~
entities/SalityConstants.cc:4:12: note: suggested alternative: ‘getUrlPackMessageString’
     return urlPackMessage;
            ^~~~~~~~~~~~~~
            getUrlPackMessageString
Makefile:109: recipe for target '../out/gcc-release/src/entities/SalityConstants.o' failed
make[1]: *** [../out/gcc-release/src/entities/SalityConstants.o] Error 1
make[1]: Leaving directory '/opt/omnetpp-5.4.1/thesis/sality/src'
Makefile:2: recipe for target 'all' failed
make: *** [all] Error 2
22:31:39 **** Incremental Build of configuration release for project sality ****
make MODE=release all 
cd src && make
make[1]: Entering directory '/opt/omnetpp-5.4.1/thesis/sality/src'
entities/SalityConstants.cc
entities/crawlers/BaseCrawler.cc
entities/crawlers/BaseCrawler.cc: In member function ‘virtual void BaseCrawler::pollSuperpeers()’:
entities/crawlers/BaseCrawler.cc:19:51: error: ‘getUrlPackMessageString’ is not a member of ‘SalityConstants’
     cMessage* msg = new cMessage(SalityConstants::getUrlPackMessageString());
                                                   ^~~~~~~~~~~~~~~~~~~~~~~
Makefile:109: recipe for target '../out/gcc-release/src/entities/crawlers/BaseCrawler.o' failed
make[1]: *** [../out/gcc-release/src/entities/crawlers/BaseCrawler.o] Error 1
make[1]: Leaving directory '/opt/omnetpp-5.4.1/thesis/sality/src'
Makefile:2: recipe for target 'all' failed
make: *** [all] Error 2
22:31:55 **** Incremental Build of configuration release for project sality ****
make MODE=release all 
cd src && make
make[1]: Entering directory '/opt/omnetpp-5.4.1/thesis/sality/src'
entities/crawlers/BaseCrawler.cc
entities/crawlers/CrawlerV1.cc
Creating executable: ../out/gcc-release/src/sality
make[1]: Leaving directory '/opt/omnetpp-5.4.1/thesis/sality/src'
18:47:18 **** Incremental Build of configuration release for project sality ****
make MODE=release all 
cd src && make
make[1]: Entering directory '/opt/omnetpp-5.4.1/thesis/sality/src'
make[1]: Nothing to be done for 'all'.
make[1]: Leaving directory '/opt/omnetpp-5.4.1/thesis/sality/src'
18:51:38 **** Incremental Build of configuration release for project sality ****
make MODE=release all 
cd src && make
make[1]: Entering directory '/opt/omnetpp-5.4.1/thesis/sality/src'
entities/Botmaster.cc
In file included from entities/Superpeer.h:6:0,
                 from entities/Botmaster.h:4,
                 from entities/Botmaster.cc:1:
entities/SalityConstants.h:7:25: error: redeclaration of ‘const char* SalityConstants::urlPackMessage’
     static const char * urlPackMessage;
                         ^~~~~~~~~~~~~~
entities/SalityConstants.h:6:25: note: previous declaration ‘const char* SalityConstants::urlPackMessage’
     static const char * urlPackMessage;
                         ^~~~~~~~~~~~~~
make[1]: *** [../out/gcc-release/src/entities/Botmaster.o] Error 1
Makefile:109: recipe for target '../out/gcc-release/src/entities/Botmaster.o' failed
make: *** [all] Error 2
make[1]: Leaving directory '/opt/omnetpp-5.4.1/thesis/sality/src'
Makefile:2: recipe for target 'all' failed
18:51:59 **** Incremental Build of configuration release for project sality ****
make MODE=release all 
cd src && make
make[1]: Entering directory '/opt/omnetpp-5.4.1/thesis/sality/src'
entities/Botmaster.cc
entities/SalityConstants.cc
entities/Superpeer.cc
entities/Superpeer.cc: In member function ‘void Superpeer::probeNeighbours()’:
entities/Superpeer.cc:70:49: error: ‘nlProbeMessage’ was not declared in this scope
     cMessage *neighbourProbeInit = new cMessage(nlProbeMessage);
                                                 ^~~~~~~~~~~~~~
entities/Superpeer.cc:70:49: note: suggested alternative: ‘handleMessage’
     cMessage *neighbourProbeInit = new cMessage(nlProbeMessage);
                                                 ^~~~~~~~~~~~~~
                                                 handleMessage
entities/Superpeer.cc: In member function ‘void Superpeer::handleURLPackMessage(Url_pack*)’:
entities/Superpeer.cc:33:17: warning: ignoring return value of ‘int asprintf(char**, const char*, ...)’, declared with attribute warn_unused_result [-Wunused-result]
         asprintf(&outputGate, "%s$o", msg->getArrivalGate()->getBaseName());
         ~~~~~~~~^~~~~~~~~~~~~~~~~~~~~~~~~~~~~~~~~~~~~~~~~~~~~~~~~~~~~~~~~~~
make[1]: *** [../out/gcc-release/src/entities/Superpeer.o] Error 1
Makefile:109: recipe for target '../out/gcc-release/src/entities/Superpeer.o' failed
make: *** [all] Error 2
make[1]: Leaving directory '/opt/omnetpp-5.4.1/thesis/sality/src'
Makefile:2: recipe for target 'all' failed
18:52:22 **** Incremental Build of configuration release for project sality ****
make MODE=release all 
cd src && make
make[1]: Entering directory '/opt/omnetpp-5.4.1/thesis/sality/src'
entities/Superpeer.cc
entities/Superpeer.cc: In member function ‘void Superpeer::handleURLPackMessage(Url_pack*)’:
entities/Superpeer.cc:33:17: warning: ignoring return value of ‘int asprintf(char**, const char*, ...)’, declared with attribute warn_unused_result [-Wunused-result]
         asprintf(&outputGate, "%s$o", msg->getArrivalGate()->getBaseName());
         ~~~~~~~~^~~~~~~~~~~~~~~~~~~~~~~~~~~~~~~~~~~~~~~~~~~~~~~~~~~~~~~~~~~
entities/crawlers/BaseCrawler.cc
entities/crawlers/CrawlerV1.cc
Creating executable: ../out/gcc-release/src/sality
make[1]: Leaving directory '/opt/omnetpp-5.4.1/thesis/sality/src'
19:35:34 **** Incremental Build of configuration release for project sality ****
make MODE=release all 
cd src && make
make[1]: Entering directory '/opt/omnetpp-5.4.1/thesis/sality/src'
entities/Botmaster.cc
entities/SalityConstants.cc
entities/Superpeer.cc
entities/Superpeer.cc: In member function ‘void Superpeer::handleURLPackMessage(Url_pack*)’:
entities/Superpeer.cc:33:17: warning: ignoring return value of ‘int asprintf(char**, const char*, ...)’, declared with attribute warn_unused_result [-Wunused-result]
         asprintf(&outputGate, "%s$o", msg->getArrivalGate()->getBaseName());
         ~~~~~~~~^~~~~~~~~~~~~~~~~~~~~~~~~~~~~~~~~~~~~~~~~~~~~~~~~~~~~~~~~~~
entities/crawlers/BaseCrawler.cc
entities/crawlers/CrawlerV1.cc
Creating executable: ../out/gcc-release/src/sality
make[1]: Leaving directory '/opt/omnetpp-5.4.1/thesis/sality/src'
19:49:04 **** Incremental Build of configuration release for project sality ****
make MODE=release all 
cd src && make
make[1]: Entering directory '/opt/omnetpp-5.4.1/thesis/sality/src'
entities/Botmaster.cc
entities/Superpeer.cc
entities/Superpeer.cc: In member function ‘void Superpeer::handleURLPackMessage(Url_pack*)’:
entities/Superpeer.cc:33:17: warning: ignoring return value of ‘int asprintf(char**, const char*, ...)’, declared with attribute warn_unused_result [-Wunused-result]
         asprintf(&outputGate, "%s$o", msg->getArrivalGate()->getBaseName());
         ~~~~~~~~^~~~~~~~~~~~~~~~~~~~~~~~~~~~~~~~~~~~~~~~~~~~~~~~~~~~~~~~~~~
entities/crawlers/BaseCrawler.cc
entities/crawlers/BaseCrawler.cc: In member function ‘virtual void BaseCrawler::pollSuperpeers()’:
entities/crawlers/BaseCrawler.cc:26:45: error: ‘i’ was not declared in this scope
         forwardMessage(dup, "outputGate$o", i);
                                             ^
entities/crawlers/BaseCrawler.cc:26:45: note: suggested alternative: ‘it’
         forwardMessage(dup, "outputGate$o", i);
                                             ^
                                             it
entities/crawlers/BaseCrawler.cc:26:9: error: ‘forwardMessage’ was not declared in this scope
         forwardMessage(dup, "outputGate$o", i);
         ^~~~~~~~~~~~~~
entities/crawlers/BaseCrawler.cc:26:9: note: suggested alternative: ‘handleMessage’
         forwardMessage(dup, "outputGate$o", i);
         ^~~~~~~~~~~~~~
         handleMessage
Makefile:109: recipe for target '../out/gcc-release/src/entities/crawlers/BaseCrawler.o' failed
make[1]: *** [../out/gcc-release/src/entities/crawlers/BaseCrawler.o] Error 1
make[1]: Leaving directory '/opt/omnetpp-5.4.1/thesis/sality/src'
Makefile:2: recipe for target 'all' failed
make: *** [all] Error 2
19:51:24 **** Incremental Build of configuration release for project sality ****
make MODE=release all 
cd src && make
make[1]: Entering directory '/opt/omnetpp-5.4.1/thesis/sality/src'
entities/crawlers/BaseCrawler.cc
entities/crawlers/BaseCrawler.cc: In member function ‘virtual void BaseCrawler::pollSuperpeers()’:
entities/crawlers/BaseCrawler.cc:28:31: error: no matching function for call to ‘BaseCrawler::forwardMessage(omnetpp::cMessage*&, std::__cxx11::list<int>::iterator&)’
         forwardMessage(dup, it);
                               ^
In file included from entities/crawlers/BaseCrawler.cc:1:0:
entities/crawlers/BaseCrawler.h:17:18: note: candidate: virtual void BaseCrawler::forwardMessage(omnetpp::cMessage*, int)
     virtual void forwardMessage(cMessage *msg, int gate);
                  ^~~~~~~~~~~~~~
entities/crawlers/BaseCrawler.h:17:18: note:   no known conversion for argument 2 from ‘std::__cxx11::list<int>::iterator {aka std::_List_iterator<int>}’ to ‘int’
Makefile:109: recipe for target '../out/gcc-release/src/entities/crawlers/BaseCrawler.o' failed
make[1]: *** [../out/gcc-release/src/entities/crawlers/BaseCrawler.o] Error 1
make[1]: Leaving directory '/opt/omnetpp-5.4.1/thesis/sality/src'
make: *** [all] Error 2
Makefile:2: recipe for target 'all' failed
19:51:40 **** Incremental Build of configuration release for project sality ****
make MODE=release all 
cd src && make
make[1]: Entering directory '/opt/omnetpp-5.4.1/thesis/sality/src'
entities/crawlers/BaseCrawler.cc
entities/crawlers/BaseCrawler.cc: In member function ‘virtual void BaseCrawler::pollSuperpeers()’:
entities/crawlers/BaseCrawler.cc:28:31: error: no matching function for call to ‘BaseCrawler::forwardMessage(omnetpp::cMessage*&, std::__cxx11::list<int>::iterator&)’
         forwardMessage(dup, it);
                               ^
entities/crawlers/BaseCrawler.cc:17:6: note: candidate: virtual void BaseCrawler::forwardMessage(omnetpp::cMessage*, int)
 void BaseCrawler::forwardMessage(cMessage *msg,  int gate) {
      ^~~~~~~~~~~
entities/crawlers/BaseCrawler.cc:17:6: note:   no known conversion for argument 2 from ‘std::__cxx11::list<int>::iterator {aka std::_List_iterator<int>}’ to ‘int’
make[1]: *** [../out/gcc-release/src/entities/crawlers/BaseCrawler.o] Error 1
Makefile:109: recipe for target '../out/gcc-release/src/entities/crawlers/BaseCrawler.o' failed
make: *** [all] Error 2
make[1]: Leaving directory '/opt/omnetpp-5.4.1/thesis/sality/src'
Makefile:2: recipe for target 'all' failed
19:53:10 **** Incremental Build of configuration release for project sality ****
make MODE=release all 
cd src && make
make[1]: Entering directory '/opt/omnetpp-5.4.1/thesis/sality/src'
entities/crawlers/BaseCrawler.cc
entities/crawlers/CrawlerV1.cc
Creating executable: ../out/gcc-release/src/sality
make[1]: Leaving directory '/opt/omnetpp-5.4.1/thesis/sality/src'
20:09:23 **** Incremental Build of configuration release for project sality ****
make MODE=release all 
cd src && make
make[1]: Entering directory '/opt/omnetpp-5.4.1/thesis/sality/src'
entities/Botmaster.cc
entities/Superpeer.cc
entities/Superpeer.cc: In member function ‘void Superpeer::handleURLPackMessage(Url_pack*)’:
entities/Superpeer.cc:33:17: warning: ignoring return value of ‘int asprintf(char**, const char*, ...)’, declared with attribute warn_unused_result [-Wunused-result]
         asprintf(&outputGate, "%s$o", msg->getArrivalGate()->getBaseName());
         ~~~~~~~~^~~~~~~~~~~~~~~~~~~~~~~~~~~~~~~~~~~~~~~~~~~~~~~~~~~~~~~~~~~
entities/crawlers/BaseCrawler.cc
entities/crawlers/CrawlerV1.cc
Creating executable: ../out/gcc-release/src/sality
make[1]: Leaving directory '/opt/omnetpp-5.4.1/thesis/sality/src'
20:10:00 **** Incremental Build of configuration release for project sality ****
make MODE=release all 
cd src && make
make[1]: Entering directory '/opt/omnetpp-5.4.1/thesis/sality/src'
entities/crawlers/CrawlerV1.cc
Creating executable: ../out/gcc-release/src/sality
make[1]: Leaving directory '/opt/omnetpp-5.4.1/thesis/sality/src'
20:11:48 **** Incremental Build of configuration release for project sality ****
make MODE=release all 
cd src && make
make[1]: Entering directory '/opt/omnetpp-5.4.1/thesis/sality/src'
entities/crawlers/BaseCrawler.cc
Creating executable: ../out/gcc-release/src/sality
make[1]: Leaving directory '/opt/omnetpp-5.4.1/thesis/sality/src'
20:12:23 **** Incremental Build of configuration release for project sality ****
make MODE=release all 
cd src && make
make[1]: Entering directory '/opt/omnetpp-5.4.1/thesis/sality/src'
entities/crawlers/BaseCrawler.cc
Creating executable: ../out/gcc-release/src/sality
make[1]: Leaving directory '/opt/omnetpp-5.4.1/thesis/sality/src'
20:13:46 **** Incremental Build of configuration release for project sality ****
make MODE=release all 
cd src && make
make[1]: Entering directory '/opt/omnetpp-5.4.1/thesis/sality/src'
entities/crawlers/BaseCrawler.cc
Creating executable: ../out/gcc-release/src/sality
make[1]: Leaving directory '/opt/omnetpp-5.4.1/thesis/sality/src'
20:14:04 **** Incremental Build of configuration release for project sality ****
make MODE=release all 
cd src && make
make[1]: Entering directory '/opt/omnetpp-5.4.1/thesis/sality/src'
entities/crawlers/BaseCrawler.cc
Creating executable: ../out/gcc-release/src/sality
make[1]: Leaving directory '/opt/omnetpp-5.4.1/thesis/sality/src'
20:14:21 **** Incremental Build of configuration release for project sality ****
make MODE=release all 
cd src && make
make[1]: Entering directory '/opt/omnetpp-5.4.1/thesis/sality/src'
make[1]: Nothing to be done for 'all'.
make[1]: Leaving directory '/opt/omnetpp-5.4.1/thesis/sality/src'
20:44:03 **** Incremental Build of configuration release for project sality ****
make MODE=release all 
cd src && make
make[1]: Entering directory '/opt/omnetpp-5.4.1/thesis/sality/src'
entities/crawlers/BaseCrawler.cc
entities/crawlers/CrawlerV1.cc
Creating executable: ../out/gcc-release/src/sality
make[1]: Leaving directory '/opt/omnetpp-5.4.1/thesis/sality/src'
20:44:45 **** Incremental Build of configuration release for project sality ****
make MODE=release all 
cd src && make
make[1]: Entering directory '/opt/omnetpp-5.4.1/thesis/sality/src'
entities/crawlers/CrawlerV1.cc
Creating executable: ../out/gcc-release/src/sality
make[1]: Leaving directory '/opt/omnetpp-5.4.1/thesis/sality/src'
21:06:46 **** Incremental Build of configuration release for project sality ****
make MODE=release all 
cd src && make
make[1]: Entering directory '/opt/omnetpp-5.4.1/thesis/sality/src'
entities/crawlers/CrawlerV1.cc
Creating executable: ../out/gcc-release/src/sality
make[1]: Leaving directory '/opt/omnetpp-5.4.1/thesis/sality/src'
21:18:35 **** Incremental Build of configuration release for project sality ****
make MODE=release all 
cd src && make
make[1]: Entering directory '/opt/omnetpp-5.4.1/thesis/sality/src'
entities/crawlers/CrawlerV1.cc
entities/crawlers/CrawlerV1.cc:11:28: error: no ‘void CrawlerV1::initialize()’ member function declared in class ‘CrawlerV1’
 void CrawlerV1::initialize()
                            ^
entities/crawlers/CrawlerV1.cc: In member function ‘virtual void CrawlerV1::pollSuperpeers()’:
entities/crawlers/CrawlerV1.cc:38:32: error: no matching function for call to ‘CrawlerV1::forwardMessage(omnetpp::cMessage*&, std::pair<const int, int>&)’
         forwardMessage(dup, *it);
                                ^
In file included from entities/crawlers/CrawlerV1.h:4:0,
                 from entities/crawlers/CrawlerV1.cc:1:
entities/crawlers/BaseCrawler.h:17:18: note: candidate: virtual void BaseCrawler::forwardMessage(omnetpp::cMessage*, int)
     virtual void forwardMessage(cMessage *msg, int gate);
                  ^~~~~~~~~~~~~~
entities/crawlers/BaseCrawler.h:17:18: note:   no known conversion for argument 2 from ‘std::pair<const int, int>’ to ‘int’
make[1]: *** [../out/gcc-release/src/entities/crawlers/CrawlerV1.o] Error 1
Makefile:109: recipe for target '../out/gcc-release/src/entities/crawlers/CrawlerV1.o' failed
make: *** [all] Error 2
make[1]: Leaving directory '/opt/omnetpp-5.4.1/thesis/sality/src'
Makefile:2: recipe for target 'all' failed
21:19:43 **** Incremental Build of configuration release for project sality ****
make MODE=release all 
cd src && make
make[1]: Entering directory '/opt/omnetpp-5.4.1/thesis/sality/src'
entities/crawlers/CrawlerV1.cc
entities/crawlers/CrawlerV1.cc: In member function ‘virtual void CrawlerV1::initialize()’:
entities/crawlers/CrawlerV1.cc:13:31: error: ‘pair’ was not declared in this scope
         botmasterTable.insert(pair<int, int>(i, 1)); ;
                               ^~~~
entities/crawlers/CrawlerV1.cc:13:31: note: suggested alternative:
In file included from /usr/include/c++/7/bits/stl_algobase.h:64:0,
                 from /usr/include/c++/7/bits/char_traits.h:39,
                 from /usr/include/c++/7/ios:40,
                 from /usr/include/c++/7/ostream:38,
                 from /usr/include/c++/7/iostream:39,
                 from /opt/omnetpp-5.4.1/include/omnetpp/cownedobject.h:20,
                 from /opt/omnetpp-5.4.1/include/omnetpp/carray.h:19,
                 from /opt/omnetpp-5.4.1/include/omnetpp.h:28,
                 from entities/crawlers/BaseCrawler.h:4,
                 from entities/crawlers/CrawlerV1.h:4,
                 from entities/crawlers/CrawlerV1.cc:1:
/usr/include/c++/7/bits/stl_pair.h:208:12: note:   ‘std::pair’
     struct pair
            ^~~~
entities/crawlers/CrawlerV1.cc:13:36: error: expected primary-expression before ‘int’
         botmasterTable.insert(pair<int, int>(i, 1)); ;
                                    ^~~
entities/crawlers/CrawlerV1.cc:13:41: error: expected primary-expression before ‘int’
         botmasterTable.insert(pair<int, int>(i, 1)); ;
                                         ^~~
entities/crawlers/CrawlerV1.cc: In member function ‘virtual void CrawlerV1::pollSuperpeers()’:
entities/crawlers/CrawlerV1.cc:37:32: error: no matching function for call to ‘CrawlerV1::forwardMessage(omnetpp::cMessage*&, std::pair<const int, int>&)’
         forwardMessage(dup, *it);
                                ^
In file included from entities/crawlers/CrawlerV1.h:4:0,
                 from entities/crawlers/CrawlerV1.cc:1:
entities/crawlers/BaseCrawler.h:17:18: note: candidate: virtual void BaseCrawler::forwardMessage(omnetpp::cMessage*, int)
     virtual void forwardMessage(cMessage *msg, int gate);
                  ^~~~~~~~~~~~~~
entities/crawlers/BaseCrawler.h:17:18: note:   no known conversion for argument 2 from ‘std::pair<const int, int>’ to ‘int’
make[1]: *** [../out/gcc-release/src/entities/crawlers/CrawlerV1.o] Error 1
Makefile:109: recipe for target '../out/gcc-release/src/entities/crawlers/CrawlerV1.o' failed
make: *** [all] Error 2
make[1]: Leaving directory '/opt/omnetpp-5.4.1/thesis/sality/src'
Makefile:2: recipe for target 'all' failed
21:20:02 **** Incremental Build of configuration release for project sality ****
make MODE=release all 
cd src && make
make[1]: Entering directory '/opt/omnetpp-5.4.1/thesis/sality/src'
entities/crawlers/CrawlerV1.cc
entities/crawlers/CrawlerV1.cc: In member function ‘virtual void CrawlerV1::pollSuperpeers()’:
entities/crawlers/CrawlerV1.cc:37:32: error: no matching function for call to ‘CrawlerV1::forwardMessage(omnetpp::cMessage*&, std::pair<const int, int>&)’
         forwardMessage(dup, *it);
                                ^
In file included from entities/crawlers/CrawlerV1.h:4:0,
                 from entities/crawlers/CrawlerV1.cc:1:
entities/crawlers/BaseCrawler.h:17:18: note: candidate: virtual void BaseCrawler::forwardMessage(omnetpp::cMessage*, int)
     virtual void forwardMessage(cMessage *msg, int gate);
                  ^~~~~~~~~~~~~~
entities/crawlers/BaseCrawler.h:17:18: note:   no known conversion for argument 2 from ‘std::pair<const int, int>’ to ‘int’
Makefile:109: recipe for target '../out/gcc-release/src/entities/crawlers/CrawlerV1.o' failed
make[1]: *** [../out/gcc-release/src/entities/crawlers/CrawlerV1.o] Error 1
make[1]: Leaving directory '/opt/omnetpp-5.4.1/thesis/sality/src'
Makefile:2: recipe for target 'all' failed
make: *** [all] Error 2
21:20:52 **** Incremental Build of configuration release for project sality ****
make MODE=release all 
cd src && make
make[1]: Entering directory '/opt/omnetpp-5.4.1/thesis/sality/src'
entities/crawlers/CrawlerV1.cc
Creating executable: ../out/gcc-release/src/sality
make[1]: Leaving directory '/opt/omnetpp-5.4.1/thesis/sality/src'
21:21:39 **** Incremental Build of configuration release for project sality ****
make MODE=release all 
cd src && make
make[1]: Entering directory '/opt/omnetpp-5.4.1/thesis/sality/src'
entities/crawlers/CrawlerV1.cc
Creating executable: ../out/gcc-release/src/sality
make[1]: Leaving directory '/opt/omnetpp-5.4.1/thesis/sality/src'
21:30:14 **** Incremental Build of configuration release for project sality ****
make MODE=release all 
cd src && make
make[1]: Entering directory '/opt/omnetpp-5.4.1/thesis/sality/src'
entities/crawlers/CrawlerV1.cc
Creating executable: ../out/gcc-release/src/sality
make[1]: Leaving directory '/opt/omnetpp-5.4.1/thesis/sality/src'
21:33:16 **** Incremental Build of configuration release for project sality ****
make MODE=release all 
cd src && make
make[1]: Entering directory '/opt/omnetpp-5.4.1/thesis/sality/src'
entities/crawlers/CrawlerV1.cc
Creating executable: ../out/gcc-release/src/sality
make[1]: Leaving directory '/opt/omnetpp-5.4.1/thesis/sality/src'
21:42:29 **** Incremental Build of configuration release for project sality ****
make MODE=release all 
cd src && make
make[1]: Entering directory '/opt/omnetpp-5.4.1/thesis/sality/src'
entities/crawlers/CrawlerV1.cc
Creating executable: ../out/gcc-release/src/sality
make[1]: Leaving directory '/opt/omnetpp-5.4.1/thesis/sality/src'
21:43:06 **** Incremental Build of configuration release for project sality ****
make MODE=release all 
cd src && make
make[1]: Entering directory '/opt/omnetpp-5.4.1/thesis/sality/src'
make[1]: Nothing to be done for 'all'.
make[1]: Leaving directory '/opt/omnetpp-5.4.1/thesis/sality/src'
21:43:31 **** Incremental Build of configuration release for project sality ****
make MODE=release all 
cd src && make
make[1]: Entering directory '/opt/omnetpp-5.4.1/thesis/sality/src'
entities/Botmaster.cc
Creating executable: ../out/gcc-release/src/sality
make[1]: Leaving directory '/opt/omnetpp-5.4.1/thesis/sality/src'
10:23:16 **** Incremental Build of configuration release for project sality ****
make MODE=release all 
cd src && make
make[1]: Entering directory '/opt/omnetpp-5.4.1/thesis/sality/src'
make[1]: Nothing to be done for 'all'.
make[1]: Leaving directory '/opt/omnetpp-5.4.1/thesis/sality/src'
11:58:59 **** Incremental Build of configuration release for project sality ****
make MODE=release all 
cd src && make
make[1]: Entering directory '/opt/omnetpp-5.4.1/thesis/sality/src'
entities/crawlers/BaseCrawler.cc
entities/crawlers/BaseCrawler.cc: In member function ‘virtual void BaseCrawler::forwardMessage(omnetpp::cMessage*, int)’:
entities/crawlers/BaseCrawler.cc:19:10: error: ‘std::tr1’ has not been declared
     std::tr1::geometric_distribution<int, double> geometric(0.1);
          ^~~
entities/crawlers/BaseCrawler.cc:19:38: error: expected primary-expression before ‘int’
     std::tr1::geometric_distribution<int, double> geometric(0.1);
                                      ^~~
entities/crawlers/BaseCrawler.cc:20:21: error: ‘eng’ was not declared in this scope
     EV << geometric(eng);
                     ^~~
entities/crawlers/BaseCrawler.cc:20:21: note: suggested alternative: ‘send’
     EV << geometric(eng);
                     ^~~
                     send
make[1]: *** [../out/gcc-release/src/entities/crawlers/BaseCrawler.o] Error 1
Makefile:109: recipe for target '../out/gcc-release/src/entities/crawlers/BaseCrawler.o' failed
make: *** [all] Error 2
make[1]: Leaving directory '/opt/omnetpp-5.4.1/thesis/sality/src'
Makefile:2: recipe for target 'all' failed
12:03:03 **** Incremental Build of configuration release for project sality ****
make MODE=release all 
cd src && make
make[1]: Entering directory '/opt/omnetpp-5.4.1/thesis/sality/src'
entities/crawlers/BaseCrawler.cc
Creating executable: ../out/gcc-release/src/sality
make[1]: Leaving directory '/opt/omnetpp-5.4.1/thesis/sality/src'
12:03:41 **** Incremental Build of configuration release for project sality ****
make MODE=release all 
cd src && make
make[1]: Entering directory '/opt/omnetpp-5.4.1/thesis/sality/src'
make[1]: Nothing to be done for 'all'.
make[1]: Leaving directory '/opt/omnetpp-5.4.1/thesis/sality/src'
12:07:57 **** Incremental Build of configuration release for project sality ****
make MODE=release all 
cd src && make
make[1]: Entering directory '/opt/omnetpp-5.4.1/thesis/sality/src'
entities/crawlers/BaseCrawler.cc
Creating executable: ../out/gcc-release/src/sality
make[1]: Leaving directory '/opt/omnetpp-5.4.1/thesis/sality/src'
12:08:10 **** Incremental Build of configuration release for project sality ****
make MODE=release all 
cd src && make
make[1]: Entering directory '/opt/omnetpp-5.4.1/thesis/sality/src'
entities/crawlers/BaseCrawler.cc
Creating executable: ../out/gcc-release/src/sality
make[1]: Leaving directory '/opt/omnetpp-5.4.1/thesis/sality/src'
12:08:23 **** Incremental Build of configuration release for project sality ****
make MODE=release all 
cd src && make
make[1]: Entering directory '/opt/omnetpp-5.4.1/thesis/sality/src'
entities/crawlers/BaseCrawler.cc
Creating executable: ../out/gcc-release/src/sality
make[1]: Leaving directory '/opt/omnetpp-5.4.1/thesis/sality/src'
12:08:38 **** Incremental Build of configuration release for project sality ****
make MODE=release all 
cd src && make
make[1]: Entering directory '/opt/omnetpp-5.4.1/thesis/sality/src'
entities/crawlers/BaseCrawler.cc
Creating executable: ../out/gcc-release/src/sality
make[1]: Leaving directory '/opt/omnetpp-5.4.1/thesis/sality/src'
12:08:58 **** Incremental Build of configuration release for project sality ****
make MODE=release all 
cd src && make
make[1]: Entering directory '/opt/omnetpp-5.4.1/thesis/sality/src'
entities/crawlers/BaseCrawler.cc
Creating executable: ../out/gcc-release/src/sality
make[1]: Leaving directory '/opt/omnetpp-5.4.1/thesis/sality/src'
12:09:13 **** Incremental Build of configuration release for project sality ****
make MODE=release all 
cd src && make
make[1]: Entering directory '/opt/omnetpp-5.4.1/thesis/sality/src'
entities/crawlers/BaseCrawler.cc
Creating executable: ../out/gcc-release/src/sality
make[1]: Leaving directory '/opt/omnetpp-5.4.1/thesis/sality/src'
12:10:09 **** Incremental Build of configuration release for project sality ****
make MODE=release all 
cd src && make
make[1]: Entering directory '/opt/omnetpp-5.4.1/thesis/sality/src'
entities/crawlers/BaseCrawler.cc
Creating executable: ../out/gcc-release/src/sality
make[1]: Leaving directory '/opt/omnetpp-5.4.1/thesis/sality/src'
12:10:24 **** Incremental Build of configuration release for project sality ****
make MODE=release all 
cd src && make
make[1]: Entering directory '/opt/omnetpp-5.4.1/thesis/sality/src'
entities/crawlers/BaseCrawler.cc
Creating executable: ../out/gcc-release/src/sality
make[1]: Leaving directory '/opt/omnetpp-5.4.1/thesis/sality/src'
12:10:53 **** Incremental Build of configuration release for project sality ****
make MODE=release all 
cd src && make
make[1]: Entering directory '/opt/omnetpp-5.4.1/thesis/sality/src'
entities/crawlers/BaseCrawler.cc
Creating executable: ../out/gcc-release/src/sality
make[1]: Leaving directory '/opt/omnetpp-5.4.1/thesis/sality/src'
12:11:06 **** Incremental Build of configuration release for project sality ****
make MODE=release all 
cd src && make
make[1]: Entering directory '/opt/omnetpp-5.4.1/thesis/sality/src'
entities/crawlers/BaseCrawler.cc
Creating executable: ../out/gcc-release/src/sality
make[1]: Leaving directory '/opt/omnetpp-5.4.1/thesis/sality/src'
12:12:11 **** Incremental Build of configuration release for project sality ****
make MODE=release all 
cd src && make
make[1]: Entering directory '/opt/omnetpp-5.4.1/thesis/sality/src'
entities/crawlers/BaseCrawler.cc
Creating executable: ../out/gcc-release/src/sality
make[1]: Leaving directory '/opt/omnetpp-5.4.1/thesis/sality/src'
12:13:54 **** Incremental Build of configuration release for project sality ****
make MODE=release all 
cd src && make
make[1]: Entering directory '/opt/omnetpp-5.4.1/thesis/sality/src'
entities/crawlers/BaseCrawler.cc
Creating executable: ../out/gcc-release/src/sality
make[1]: Leaving directory '/opt/omnetpp-5.4.1/thesis/sality/src'
12:14:10 **** Incremental Build of configuration release for project sality ****
make MODE=release all 
cd src && make
make[1]: Entering directory '/opt/omnetpp-5.4.1/thesis/sality/src'
entities/crawlers/BaseCrawler.cc
Creating executable: ../out/gcc-release/src/sality
make[1]: Leaving directory '/opt/omnetpp-5.4.1/thesis/sality/src'
12:14:21 **** Incremental Build of configuration release for project sality ****
make MODE=release all 
cd src && make
make[1]: Entering directory '/opt/omnetpp-5.4.1/thesis/sality/src'
entities/crawlers/BaseCrawler.cc
Creating executable: ../out/gcc-release/src/sality
make[1]: Leaving directory '/opt/omnetpp-5.4.1/thesis/sality/src'
12:18:57 **** Incremental Build of configuration release for project sality ****
make MODE=release all 
cd src && make
make[1]: Entering directory '/opt/omnetpp-5.4.1/thesis/sality/src'
entities/Botmaster.cc
In file included from entities/Superpeer.h:6:0,
                 from entities/Botmaster.h:4,
                 from entities/Botmaster.cc:1:
entities/SalityConstants.h:15:58: error: expected identifier before numeric constant
     static std::geometric_distribution<int> distribution(0.4);
                                                          ^~~
entities/SalityConstants.h:15:58: error: expected ‘,’ or ‘...’ before numeric constant
make[1]: *** [../out/gcc-release/src/entities/Botmaster.o] Error 1
Makefile:109: recipe for target '../out/gcc-release/src/entities/Botmaster.o' failed
make[1]: Leaving directory '/opt/omnetpp-5.4.1/thesis/sality/src'
make: *** [all] Error 2
Makefile:2: recipe for target 'all' failed
12:22:32 **** Incremental Build of configuration release for project sality ****
make MODE=release all 
cd src && make
make[1]: Entering directory '/opt/omnetpp-5.4.1/thesis/sality/src'
entities/Botmaster.cc
entities/SalityConstants.cc
entities/SalityConstants.cc:9:58: error: ‘distribution’ was not declared in this scope
 std::geometric_distribution<int> geometricDistribution = distribution(0.4);
                                                          ^~~~~~~~~~~~
make[1]: *** [../out/gcc-release/src/entities/SalityConstants.o] Error 1
Makefile:109: recipe for target '../out/gcc-release/src/entities/SalityConstants.o' failed
make: *** [all] Error 2
make[1]: Leaving directory '/opt/omnetpp-5.4.1/thesis/sality/src'
Makefile:2: recipe for target 'all' failed
12:22:55 **** Incremental Build of configuration release for project sality ****
make MODE=release all 
cd src && make
make[1]: Entering directory '/opt/omnetpp-5.4.1/thesis/sality/src'
entities/SalityConstants.cc
entities/SalityConstants.cc:9:91: error: expected primary-expression before ‘distribution’
 std::geometric_distribution<int> geometricDistribution = std::geometric_distribution<int> distribution(0.4);
                                                                                           ^~~~~~~~~~~~
Makefile:109: recipe for target '../out/gcc-release/src/entities/SalityConstants.o' failed
make[1]: *** [../out/gcc-release/src/entities/SalityConstants.o] Error 1
make[1]: Leaving directory '/opt/omnetpp-5.4.1/thesis/sality/src'
Makefile:2: recipe for target 'all' failed
make: *** [all] Error 2
12:35:04 **** Incremental Build of configuration release for project sality ****
make MODE=release all 
cd src && make
make[1]: Entering directory '/opt/omnetpp-5.4.1/thesis/sality/src'
entities/Botmaster.cc
entities/SalityConstants.cc
entities/Superpeer.cc
entities/Superpeer.cc: In member function ‘void Superpeer::handleURLPackMessage(Url_pack*)’:
entities/Superpeer.cc:33:17: warning: ignoring return value of ‘int asprintf(char**, const char*, ...)’, declared with attribute warn_unused_result [-Wunused-result]
         asprintf(&outputGate, "%s$o", msg->getArrivalGate()->getBaseName());
         ~~~~~~~~^~~~~~~~~~~~~~~~~~~~~~~~~~~~~~~~~~~~~~~~~~~~~~~~~~~~~~~~~~~
entities/crawlers/BaseCrawler.cc
entities/crawlers/CrawlerV1.cc
Creating executable: ../out/gcc-release/src/sality
make[1]: Leaving directory '/opt/omnetpp-5.4.1/thesis/sality/src'
12:40:44 **** Incremental Build of configuration release for project sality ****
make MODE=release all 
cd src && make
make[1]: Entering directory '/opt/omnetpp-5.4.1/thesis/sality/src'
entities/crawlers/BaseCrawler.cc
entities/crawlers/BaseCrawler.cc: In member function ‘virtual void BaseCrawler::forwardMessage(omnetpp::cMessage*, int)’:
entities/crawlers/BaseCrawler.cc:19:35: error: ‘geometricDistribution’ is not a member of ‘SalityConstants’
     int number = SalityConstants::geometricDistribution(SalityConstants::generator);
                                   ^~~~~~~~~~~~~~~~~~~~~
Makefile:109: recipe for target '../out/gcc-release/src/entities/crawlers/BaseCrawler.o' failed
make[1]: *** [../out/gcc-release/src/entities/crawlers/BaseCrawler.o] Error 1
make[1]: Leaving directory '/opt/omnetpp-5.4.1/thesis/sality/src'
Makefile:2: recipe for target 'all' failed
make: *** [all] Error 2
12:40:59 **** Incremental Build of configuration release for project sality ****
make MODE=release all 
cd src && make
make[1]: Entering directory '/opt/omnetpp-5.4.1/thesis/sality/src'
entities/crawlers/BaseCrawler.cc
Creating executable: ../out/gcc-release/src/sality
../out/gcc-release/src/entities/crawlers/BaseCrawler.o: In function `BaseCrawler::forwardMessage(omnetpp::cMessage*, int)':
BaseCrawler.cc:(.text+0x1e8): undefined reference to `SalityConstants::generator'
collect2: error: ld returned 1 exit status
Makefile:100: recipe for target '../out/gcc-release/src/sality' failed
make[1]: *** [../out/gcc-release/src/sality] Error 1
make: *** [all] Error 2
make[1]: Leaving directory '/opt/omnetpp-5.4.1/thesis/sality/src'
Makefile:2: recipe for target 'all' failed
12:42:36 **** Incremental Build of configuration release for project sality ****
make MODE=release all 
cd src && make
make[1]: Entering directory '/opt/omnetpp-5.4.1/thesis/sality/src'
entities/Botmaster.cc
entities/SalityConstants.cc
entities/Superpeer.cc
entities/Superpeer.cc: In member function ‘void Superpeer::handleURLPackMessage(Url_pack*)’:
entities/Superpeer.cc:33:17: warning: ignoring return value of ‘int asprintf(char**, const char*, ...)’, declared with attribute warn_unused_result [-Wunused-result]
         asprintf(&outputGate, "%s$o", msg->getArrivalGate()->getBaseName());
         ~~~~~~~~^~~~~~~~~~~~~~~~~~~~~~~~~~~~~~~~~~~~~~~~~~~~~~~~~~~~~~~~~~~
entities/crawlers/BaseCrawler.cc
entities/crawlers/CrawlerV1.cc
Creating executable: ../out/gcc-release/src/sality
make[1]: Leaving directory '/opt/omnetpp-5.4.1/thesis/sality/src'
12:44:02 **** Incremental Build of configuration release for project sality ****
make MODE=release all 
cd src && make
make[1]: Entering directory '/opt/omnetpp-5.4.1/thesis/sality/src'
entities/Botmaster.cc
entities/Superpeer.cc
entities/Superpeer.cc: In member function ‘void Superpeer::handleURLPackMessage(Url_pack*)’:
entities/Superpeer.cc:33:17: warning: ignoring return value of ‘int asprintf(char**, const char*, ...)’, declared with attribute warn_unused_result [-Wunused-result]
         asprintf(&outputGate, "%s$o", msg->getArrivalGate()->getBaseName());
         ~~~~~~~~^~~~~~~~~~~~~~~~~~~~~~~~~~~~~~~~~~~~~~~~~~~~~~~~~~~~~~~~~~~
entities/crawlers/BaseCrawler.cc
entities/crawlers/CrawlerV1.cc
entities/utility/SalityConstants.cc
Creating executable: ../out/gcc-release/src/sality
make[1]: Leaving directory '/opt/omnetpp-5.4.1/thesis/sality/src'
12:47:12 **** Incremental Build of configuration release for project sality ****
make MODE=release all 
cd src && make
make[1]: Entering directory '/opt/omnetpp-5.4.1/thesis/sality/src'
entities/peers/Botmaster.cc
entities/peers/Superpeer.cc
entities/peers/Superpeer.cc: In member function ‘void Superpeer::handleURLPackMessage(Url_pack*)’:
entities/peers/Superpeer.cc:33:17: warning: ignoring return value of ‘int asprintf(char**, const char*, ...)’, declared with attribute warn_unused_result [-Wunused-result]
         asprintf(&outputGate, "%s$o", msg->getArrivalGate()->getBaseName());
         ~~~~~~~~^~~~~~~~~~~~~~~~~~~~~~~~~~~~~~~~~~~~~~~~~~~~~~~~~~~~~~~~~~~
Creating executable: ../out/gcc-release/src/sality
make[1]: Leaving directory '/opt/omnetpp-5.4.1/thesis/sality/src'
12:47:42 **** Incremental Build of configuration release for project sality ****
make MODE=release all 
cd src && make
make[1]: Entering directory '/opt/omnetpp-5.4.1/thesis/sality/src'
make[1]: Nothing to be done for 'all'.
make[1]: Leaving directory '/opt/omnetpp-5.4.1/thesis/sality/src'
12:50:24 **** Incremental Build of configuration release for project sality ****
make MODE=release all 
cd src && make
make[1]: Entering directory '/opt/omnetpp-5.4.1/thesis/sality/src'
make[1]: Nothing to be done for 'all'.
make[1]: Leaving directory '/opt/omnetpp-5.4.1/thesis/sality/src'
12:52:46 **** Incremental Build of configuration release for project sality ****
make MODE=release all 
cd src && make
make[1]: Entering directory '/opt/omnetpp-5.4.1/thesis/sality/src'
entities/crawlers/BaseCrawler.cc
entities/crawlers/CrawlerV1.cc
entities/peers/Botmaster.cc
entities/peers/Superpeer.cc
entities/peers/Superpeer.cc: In member function ‘void Superpeer::handleURLPackMessage(Url_pack*)’:
entities/peers/Superpeer.cc:33:17: warning: ignoring return value of ‘int asprintf(char**, const char*, ...)’, declared with attribute warn_unused_result [-Wunused-result]
         asprintf(&outputGate, "%s$o", msg->getArrivalGate()->getBaseName());
         ~~~~~~~~^~~~~~~~~~~~~~~~~~~~~~~~~~~~~~~~~~~~~~~~~~~~~~~~~~~~~~~~~~~
entities/utility/MessageDelayGenerator.cc
In file included from entities/utility/MessageDelayGenerator.cc:1:0:
entities/utility/MessageDelayGenerator.h:9:55: error: expected identifier before numeric constant
         std::geometric_distribution<int> distribution(0.4);
                                                       ^~~
entities/utility/MessageDelayGenerator.h:9:55: error: expected ‘,’ or ‘...’ before numeric constant
make[1]: *** [../out/gcc-release/src/entities/utility/MessageDelayGenerator.o] Error 1
Makefile:110: recipe for target '../out/gcc-release/src/entities/utility/MessageDelayGenerator.o' failed
make[1]: Leaving directory '/opt/omnetpp-5.4.1/thesis/sality/src'
make: *** [all] Error 2
Makefile:2: recipe for target 'all' failed
12:53:01 **** Incremental Build of configuration release for project sality ****
make MODE=release all 
cd src && make
make[1]: Entering directory '/opt/omnetpp-5.4.1/thesis/sality/src'
entities/utility/MessageDelayGenerator.cc
In file included from entities/utility/MessageDelayGenerator.cc:1:0:
entities/utility/MessageDelayGenerator.h:9:55: error: expected identifier before numeric constant
         std::geometric_distribution<int> distribution(0.4);
                                                       ^~~
entities/utility/MessageDelayGenerator.h:9:55: error: expected ‘,’ or ‘...’ before numeric constant
Makefile:110: recipe for target '../out/gcc-release/src/entities/utility/MessageDelayGenerator.o' failed
make[1]: *** [../out/gcc-release/src/entities/utility/MessageDelayGenerator.o] Error 1
make[1]: Leaving directory '/opt/omnetpp-5.4.1/thesis/sality/src'
Makefile:2: recipe for target 'all' failed
make: *** [all] Error 2
13:00:56 **** Incremental Build of configuration release for project sality ****
make MODE=release all 
cd src && make
make[1]: Entering directory '/opt/omnetpp-5.4.1/thesis/sality/src'
entities/crawlers/BaseCrawler.cc
In file included from entities/crawlers/BaseCrawler.h:7:0,
                 from entities/crawlers/BaseCrawler.cc:1:
entities/crawlers/../utility/MessageDelayGenerator.h:12:20: error: ISO C++ forbids in-class initialization of non-const static member ‘MessageDelayGenerator::delay’
         static int delay = 20; // The added delay per distribution tick in ms.
                    ^~~~~
Makefile:110: recipe for target '../out/gcc-release/src/entities/crawlers/BaseCrawler.o' failed
make[1]: *** [../out/gcc-release/src/entities/crawlers/BaseCrawler.o] Error 1
make[1]: Leaving directory '/opt/omnetpp-5.4.1/thesis/sality/src'
Makefile:2: recipe for target 'all' failed
make: *** [all] Error 2
16:03:39 **** Incremental Build of configuration release for project sality ****
make MODE=release all 
cd src && make
make[1]: Entering directory '/opt/omnetpp-5.4.1/thesis/sality/src'
entities/crawlers/BaseCrawler.cc
entities/crawlers/CrawlerV1.cc
entities/utility/MessageDelayGenerator.cc
entities/utility/SalityConstants.cc
Creating executable: ../out/gcc-release/src/sality
../out/gcc-release/src/entities/utility/MessageDelayGenerator.o: In function `MessageDelayGenerator::getGeometricMessageDelay()':
MessageDelayGenerator.cc:(.text+0x15): undefined reference to `MessageDelayGenerator::generator'
Makefile:101: recipe for target '../out/gcc-release/src/sality' failed
collect2: error: ld returned 1 exit status
make[1]: Leaving directory '/opt/omnetpp-5.4.1/thesis/sality/src'
make[1]: *** [../out/gcc-release/src/sality] Error 1
Makefile:2: recipe for target 'all' failed
make: *** [all] Error 2
16:04:46 **** Incremental Build of configuration release for project sality ****
make MODE=release all 
cd src && make
make[1]: Entering directory '/opt/omnetpp-5.4.1/thesis/sality/src'
entities/utility/MessageDelayGenerator.cc
Creating executable: ../out/gcc-release/src/sality
../out/gcc-release/src/entities/utility/MessageDelayGenerator.o: In function `MessageDelayGenerator::getGeometricMessageDelay()':
MessageDelayGenerator.cc:(.text+0x15): undefined reference to `MessageDelayGenerator::generator'
collect2: error: ld returned 1 exit status
Makefile:101: recipe for target '../out/gcc-release/src/sality' failed
make[1]: *** [../out/gcc-release/src/sality] Error 1
make[1]: Leaving directory '/opt/omnetpp-5.4.1/thesis/sality/src'
make: *** [all] Error 2
Makefile:2: recipe for target 'all' failed
16:05:51 **** Incremental Build of configuration release for project sality ****
make MODE=release all 
cd src && make
make[1]: Entering directory '/opt/omnetpp-5.4.1/thesis/sality/src'
entities/crawlers/BaseCrawler.cc
entities/crawlers/CrawlerV1.cc
entities/utility/MessageDelayGenerator.cc
Creating executable: ../out/gcc-release/src/sality
make[1]: Leaving directory '/opt/omnetpp-5.4.1/thesis/sality/src'
16:20:44 **** Build of configuration release for project sality ****
make MODE=release all 
cd src && make
make[1]: Entering directory '/opt/omnetpp-5.4.1/thesis/sality/src'
entities/crawlers/BaseCrawler.cc
Creating executable: ../out/gcc-release/src/sality
make[1]: Leaving directory '/opt/omnetpp-5.4.1/thesis/sality/src'
16:21:04 **** Incremental Build of configuration release for project sality ****
make MODE=release all 
cd src && make
make[1]: Entering directory '/opt/omnetpp-5.4.1/thesis/sality/src'
make[1]: Nothing to be done for 'all'.
make[1]: Leaving directory '/opt/omnetpp-5.4.1/thesis/sality/src'
16:21:25 **** Incremental Build of configuration release for project sality ****
make MODE=release all 
cd src && make
make[1]: Entering directory '/opt/omnetpp-5.4.1/thesis/sality/src'
make[1]: Nothing to be done for 'all'.
make[1]: Leaving directory '/opt/omnetpp-5.4.1/thesis/sality/src'
16:21:41 **** Incremental Build of configuration release for project sality ****
make MODE=release all 
cd src && make
make[1]: Entering directory '/opt/omnetpp-5.4.1/thesis/sality/src'
entities/utility/MessageDelayGenerator.cc
Creating executable: ../out/gcc-release/src/sality
make[1]: Leaving directory '/opt/omnetpp-5.4.1/thesis/sality/src'
16:21:54 **** Incremental Build of configuration release for project sality ****
make MODE=release all 
cd src && make
make[1]: Entering directory '/opt/omnetpp-5.4.1/thesis/sality/src'
entities/utility/MessageDelayGenerator.cc
Creating executable: ../out/gcc-release/src/sality
make[1]: Leaving directory '/opt/omnetpp-5.4.1/thesis/sality/src'
16:23:16 **** Incremental Build of configuration release for project sality ****
make MODE=release all 
cd src && make
make[1]: Entering directory '/opt/omnetpp-5.4.1/thesis/sality/src'
entities/crawlers/BaseCrawler.cc
entities/crawlers/CrawlerV1.cc
entities/utility/MessageDelayGenerator.cc
entities/utility/MessageDelayGenerator.cc:4:55: error: expected primary-expression before ‘=’ token
 int MessageDelayGenerator::geometricHitProbability =  = 0.2;
                                                       ^
entities/utility/MessageDelayGenerator.cc:5:54: error: ‘geometricHitProbability’ was not declared in this scope
 static std::geometric_distribution<int> distribution(geometricHitProbability);
                                                      ^~~~~~~~~~~~~~~~~~~~~~~
Makefile:110: recipe for target '../out/gcc-release/src/entities/utility/MessageDelayGenerator.o' failed
make[1]: *** [../out/gcc-release/src/entities/utility/MessageDelayGenerator.o] Error 1
make[1]: Leaving directory '/opt/omnetpp-5.4.1/thesis/sality/src'
make: *** [all] Error 2
Makefile:2: recipe for target 'all' failed
16:23:28 **** Incremental Build of configuration release for project sality ****
make MODE=release all 
cd src && make
make[1]: Entering directory '/opt/omnetpp-5.4.1/thesis/sality/src'
entities/utility/MessageDelayGenerator.cc
entities/utility/MessageDelayGenerator.cc:5:54: error: ‘geometricHitProbability’ was not declared in this scope
 static std::geometric_distribution<int> distribution(geometricHitProbability);
                                                      ^~~~~~~~~~~~~~~~~~~~~~~
make[1]: *** [../out/gcc-release/src/entities/utility/MessageDelayGenerator.o] Error 1
Makefile:110: recipe for target '../out/gcc-release/src/entities/utility/MessageDelayGenerator.o' failed
make[1]: Leaving directory '/opt/omnetpp-5.4.1/thesis/sality/src'
make: *** [all] Error 2
Makefile:2: recipe for target 'all' failed
16:24:26 **** Incremental Build of configuration release for project sality ****
make MODE=release all 
cd src && make
make[1]: Entering directory '/opt/omnetpp-5.4.1/thesis/sality/src'
entities/crawlers/BaseCrawler.cc
entities/crawlers/CrawlerV1.cc
entities/utility/MessageDelayGenerator.cc
Creating executable: ../out/gcc-release/src/sality
make[1]: Leaving directory '/opt/omnetpp-5.4.1/thesis/sality/src'
16:27:25 **** Incremental Build of configuration release for project sality ****
make MODE=release all 
cd src && make
make[1]: Entering directory '/opt/omnetpp-5.4.1/thesis/sality/src'
entities/crawlers/BaseCrawler.cc
Creating executable: ../out/gcc-release/src/sality
make[1]: Leaving directory '/opt/omnetpp-5.4.1/thesis/sality/src'
16:29:07 **** Incremental Build of configuration release for project sality ****
make MODE=release all 
cd src && make
make[1]: Entering directory '/opt/omnetpp-5.4.1/thesis/sality/src'
entities/crawlers/BaseCrawler.cc
Creating executable: ../out/gcc-release/src/sality
make[1]: Leaving directory '/opt/omnetpp-5.4.1/thesis/sality/src'
16:29:50 **** Incremental Build of configuration release for project sality ****
make MODE=release all 
cd src && make
make[1]: Entering directory '/opt/omnetpp-5.4.1/thesis/sality/src'
entities/crawlers/BaseCrawler.cc
Creating executable: ../out/gcc-release/src/sality
make[1]: Leaving directory '/opt/omnetpp-5.4.1/thesis/sality/src'
16:31:48 **** Incremental Build of configuration release for project sality ****
make MODE=release all 
cd src && make
make[1]: Entering directory '/opt/omnetpp-5.4.1/thesis/sality/src'
entities/crawlers/BaseCrawler.cc
entities/utility/MessageDelayGenerator.cc
Creating executable: ../out/gcc-release/src/sality
make[1]: Leaving directory '/opt/omnetpp-5.4.1/thesis/sality/src'
16:33:58 **** Incremental Build of configuration release for project sality ****
make MODE=release all 
cd src && make
make[1]: Entering directory '/opt/omnetpp-5.4.1/thesis/sality/src'
entities/crawlers/BaseCrawler.cc
entities/crawlers/CrawlerV1.cc
entities/utility/MessageDelayGenerator.cc
entities/utility/MessageDelayGenerator.cc:3:28: error: conflicting declaration ‘int MessageDelayGenerator::delay’
 int MessageDelayGenerator::delay = 0.02;
                            ^~~~~
In file included from entities/utility/MessageDelayGenerator.cc:1:0:
entities/utility/MessageDelayGenerator.h:11:22: note: previous declaration as ‘float MessageDelayGenerator::delay’
         static float delay; // The added delay per distribution tick in seconds.
                      ^~~~~
entities/utility/MessageDelayGenerator.cc:3:28: error: declaration of ‘float MessageDelayGenerator::delay’ outside of class is not definition [-fpermissive]
 int MessageDelayGenerator::delay = 0.02;
                            ^~~~~
Makefile:110: recipe for target '../out/gcc-release/src/entities/utility/MessageDelayGenerator.o' failed
make[1]: *** [../out/gcc-release/src/entities/utility/MessageDelayGenerator.o] Error 1
make[1]: Leaving directory '/opt/omnetpp-5.4.1/thesis/sality/src'
Makefile:2: recipe for target 'all' failed
make: *** [all] Error 2
16:34:11 **** Incremental Build of configuration release for project sality ****
make MODE=release all 
cd src && make
make[1]: Entering directory '/opt/omnetpp-5.4.1/thesis/sality/src'
entities/utility/MessageDelayGenerator.cc
Creating executable: ../out/gcc-release/src/sality
make[1]: Leaving directory '/opt/omnetpp-5.4.1/thesis/sality/src'
16:35:12 **** Incremental Build of configuration release for project sality ****
make MODE=release all 
cd src && make
make[1]: Entering directory '/opt/omnetpp-5.4.1/thesis/sality/src'
entities/crawlers/BaseCrawler.cc
Creating executable: ../out/gcc-release/src/sality
make[1]: Leaving directory '/opt/omnetpp-5.4.1/thesis/sality/src'
16:35:26 **** Incremental Build of configuration release for project sality ****
make MODE=release all 
cd src && make
make[1]: Entering directory '/opt/omnetpp-5.4.1/thesis/sality/src'
entities/crawlers/BaseCrawler.cc
Creating executable: ../out/gcc-release/src/sality
make[1]: Leaving directory '/opt/omnetpp-5.4.1/thesis/sality/src'
16:36:20 **** Incremental Build of configuration release for project sality ****
make MODE=release all 
cd src && make
make[1]: Entering directory '/opt/omnetpp-5.4.1/thesis/sality/src'
entities/crawlers/BaseCrawler.cc
Creating executable: ../out/gcc-release/src/sality
make[1]: Leaving directory '/opt/omnetpp-5.4.1/thesis/sality/src'
16:40:26 **** Incremental Build of configuration release for project sality ****
make MODE=release all 
cd src && make
make[1]: Entering directory '/opt/omnetpp-5.4.1/thesis/sality/src'
entities/crawlers/BaseCrawler.cc
entities/peers/Botmaster.cc
entities/peers/Superpeer.cc
entities/peers/Superpeer.cc: In member function ‘void Superpeer::handleURLPackMessage(Url_pack*)’:
entities/peers/Superpeer.cc:33:17: warning: ignoring return value of ‘int asprintf(char**, const char*, ...)’, declared with attribute warn_unused_result [-Wunused-result]
         asprintf(&outputGate, "%s$o", msg->getArrivalGate()->getBaseName());
         ~~~~~~~~^~~~~~~~~~~~~~~~~~~~~~~~~~~~~~~~~~~~~~~~~~~~~~~~~~~~~~~~~~~
Creating executable: ../out/gcc-release/src/sality
make[1]: Leaving directory '/opt/omnetpp-5.4.1/thesis/sality/src'
